[0.414s] Invoking command in '/home/maki/Desktop/GitHub/SpiderRos/WS/build/spider_ros': PYTHONPATH=/home/maki/Desktop/GitHub/SpiderRos/WS/build/spider_ros/prefix_override:/usr/lib/python3/dist-packages/colcon_core/task/python/colcon_distutils_commands:/home/maki/Desktop/GitHub/SpiderRos/WS/install/spider_ros/lib/python3.10/site-packages:${PYTHONPATH} /usr/bin/python3 -W ignore:setup.py install is deprecated -W ignore:easy_install command is deprecated setup.py develop --uninstall --editable --build-directory /home/maki/Desktop/GitHub/SpiderRos/WS/build/spider_ros/build
[0.603s] running develop
[0.694s] Removing /home/maki/Desktop/GitHub/SpiderRos/WS/install/spider_ros/lib/python3.10/site-packages/spider-ros.egg-link (link to .)
[0.710s] Invoked command in '/home/maki/Desktop/GitHub/SpiderRos/WS/build/spider_ros' returned '0': PYTHONPATH=/home/maki/Desktop/GitHub/SpiderRos/WS/build/spider_ros/prefix_override:/usr/lib/python3/dist-packages/colcon_core/task/python/colcon_distutils_commands:/home/maki/Desktop/GitHub/SpiderRos/WS/install/spider_ros/lib/python3.10/site-packages:${PYTHONPATH} /usr/bin/python3 -W ignore:setup.py install is deprecated -W ignore:easy_install command is deprecated setup.py develop --uninstall --editable --build-directory /home/maki/Desktop/GitHub/SpiderRos/WS/build/spider_ros/build
[0.711s] Invoking command in '/home/maki/Desktop/GitHub/SpiderRos/WS/src/spider_ros': PYTHONPATH=/home/maki/Desktop/GitHub/SpiderRos/WS/build/spider_ros/prefix_override:/usr/lib/python3/dist-packages/colcon_core/task/python/colcon_distutils_commands:/home/maki/Desktop/GitHub/SpiderRos/WS/install/spider_ros/lib/python3.10/site-packages:${PYTHONPATH} /usr/bin/python3 -W ignore:setup.py install is deprecated -W ignore:easy_install command is deprecated setup.py egg_info --egg-base ../../build/spider_ros build --build-base /home/maki/Desktop/GitHub/SpiderRos/WS/build/spider_ros/build install --record /home/maki/Desktop/GitHub/SpiderRos/WS/build/spider_ros/install.log --single-version-externally-managed install_data --force
[0.864s] running egg_info
[0.865s] writing ../../build/spider_ros/spider_ros.egg-info/PKG-INFO
[0.865s] writing dependency_links to ../../build/spider_ros/spider_ros.egg-info/dependency_links.txt
[0.865s] writing entry points to ../../build/spider_ros/spider_ros.egg-info/entry_points.txt
[0.865s] writing requirements to ../../build/spider_ros/spider_ros.egg-info/requires.txt
[0.865s] writing top-level names to ../../build/spider_ros/spider_ros.egg-info/top_level.txt
[0.866s] reading manifest file '../../build/spider_ros/spider_ros.egg-info/SOURCES.txt'
[0.866s] writing manifest file '../../build/spider_ros/spider_ros.egg-info/SOURCES.txt'
[0.867s] running build
[0.867s] running install
[0.867s] running install_data
[0.867s] copying resource/spider_ros -> /home/maki/Desktop/GitHub/SpiderRos/WS/install/spider_ros/share/ament_index/resource_index/packages
[0.867s] copying package.xml -> /home/maki/Desktop/GitHub/SpiderRos/WS/install/spider_ros/share/spider_ros
[0.867s] copying launch/simulacion_launch.py -> /home/maki/Desktop/GitHub/SpiderRos/WS/install/spider_ros/share/spider_ros/launch
[0.868s] copying urdf/spider_model.urdf.xacro -> /home/maki/Desktop/GitHub/SpiderRos/WS/install/spider_ros/share/spider_ros/urdf
[0.868s] copying config/spider_control.yaml -> /home/maki/Desktop/GitHub/SpiderRos/WS/install/spider_ros/share/spider_ros/config
[0.868s] running install_egg_info
[0.869s] Copying ../../build/spider_ros/spider_ros.egg-info to /home/maki/Desktop/GitHub/SpiderRos/WS/install/spider_ros/lib/python3.10/site-packages/spider_ros-0.0.0-py3.10.egg-info
[0.870s] running install_scripts
[0.884s] Installing spider_controller script to /home/maki/Desktop/GitHub/SpiderRos/WS/install/spider_ros/lib/spider_ros
[0.884s] writing list of installed files to '/home/maki/Desktop/GitHub/SpiderRos/WS/build/spider_ros/install.log'
[0.900s] Invoked command in '/home/maki/Desktop/GitHub/SpiderRos/WS/src/spider_ros' returned '0': PYTHONPATH=/home/maki/Desktop/GitHub/SpiderRos/WS/build/spider_ros/prefix_override:/usr/lib/python3/dist-packages/colcon_core/task/python/colcon_distutils_commands:/home/maki/Desktop/GitHub/SpiderRos/WS/install/spider_ros/lib/python3.10/site-packages:${PYTHONPATH} /usr/bin/python3 -W ignore:setup.py install is deprecated -W ignore:easy_install command is deprecated setup.py egg_info --egg-base ../../build/spider_ros build --build-base /home/maki/Desktop/GitHub/SpiderRos/WS/build/spider_ros/build install --record /home/maki/Desktop/GitHub/SpiderRos/WS/build/spider_ros/install.log --single-version-externally-managed install_data --force
