running egg_info
creating build/spider_ros/spider_ros.egg-info
writing build/spider_ros/spider_ros.egg-info/PKG-INFO
writing dependency_links to build/spider_ros/spider_ros.egg-info/dependency_links.txt
writing entry points to build/spider_ros/spider_ros.egg-info/entry_points.txt
writing requirements to build/spider_ros/spider_ros.egg-info/requires.txt
writing top-level names to build/spider_ros/spider_ros.egg-info/top_level.txt
writing manifest file 'build/spider_ros/spider_ros.egg-info/SOURCES.txt'
reading manifest file 'build/spider_ros/spider_ros.egg-info/SOURCES.txt'
writing manifest file 'build/spider_ros/spider_ros.egg-info/SOURCES.txt'
running build
running install
running install_data
creating /home/maki/Desktop/GitHub/SpiderRos/WS/src/spider_ros/install/spider_ros/share/ament_index
creating /home/maki/Desktop/GitHub/SpiderRos/WS/src/spider_ros/install/spider_ros/share/ament_index/resource_index
creating /home/maki/Desktop/GitHub/SpiderRos/WS/src/spider_ros/install/spider_ros/share/ament_index/resource_index/packages
copying resource/spider_ros -> /home/maki/Desktop/GitHub/SpiderRos/WS/src/spider_ros/install/spider_ros/share/ament_index/resource_index/packages
copying package.xml -> /home/maki/Desktop/GitHub/SpiderRos/WS/src/spider_ros/install/spider_ros/share/spider_ros
creating /home/maki/Desktop/GitHub/SpiderRos/WS/src/spider_ros/install/spider_ros/share/spider_ros/launch
copying launch/simulacion_launch.py -> /home/maki/Desktop/GitHub/SpiderRos/WS/src/spider_ros/install/spider_ros/share/spider_ros/launch
creating /home/maki/Desktop/GitHub/SpiderRos/WS/src/spider_ros/install/spider_ros/share/spider_ros/urdf
copying urdf/spider_model.urdf.xacro -> /home/maki/Desktop/GitHub/SpiderRos/WS/src/spider_ros/install/spider_ros/share/spider_ros/urdf
creating /home/maki/Desktop/GitHub/SpiderRos/WS/src/spider_ros/install/spider_ros/share/spider_ros/config
copying config/spider_control.yaml -> /home/maki/Desktop/GitHub/SpiderRos/WS/src/spider_ros/install/spider_ros/share/spider_ros/config
running install_egg_info
Copying build/spider_ros/spider_ros.egg-info to /home/maki/Desktop/GitHub/SpiderRos/WS/src/spider_ros/install/spider_ros/lib/python3.10/site-packages/spider_ros-0.0.0-py3.10.egg-info
running install_scripts
Installing spider_controller script to /home/maki/Desktop/GitHub/SpiderRos/WS/src/spider_ros/install/spider_ros/lib/spider_ros
writing list of installed files to '/home/maki/Desktop/GitHub/SpiderRos/WS/src/spider_ros/build/spider_ros/install.log'
