[0.301s] Invoking command in '/home/maki/Desktop/GitHub/SpiderRos/WS/src/spider_ros': PYTHONPATH=/home/maki/Desktop/GitHub/SpiderRos/WS/src/spider_ros/build/spider_ros/prefix_override:/usr/lib/python3/dist-packages/colcon_core/task/python/colcon_distutils_commands:/home/maki/Desktop/GitHub/SpiderRos/WS/src/spider_ros/install/spider_ros/lib/python3.10/site-packages:${PYTHONPATH} /usr/bin/python3 -W ignore:setup.py install is deprecated -W ignore:easy_install command is deprecated setup.py egg_info --egg-base build/spider_ros build --build-base /home/maki/Desktop/GitHub/SpiderRos/WS/src/spider_ros/build/spider_ros/build install --record /home/maki/Desktop/GitHub/SpiderRos/WS/src/spider_ros/build/spider_ros/install.log --single-version-externally-managed install_data
[0.416s] running egg_info
[0.416s] creating build/spider_ros/spider_ros.egg-info
[0.416s] writing build/spider_ros/spider_ros.egg-info/PKG-INFO
[0.416s] writing dependency_links to build/spider_ros/spider_ros.egg-info/dependency_links.txt
[0.416s] writing entry points to build/spider_ros/spider_ros.egg-info/entry_points.txt
[0.416s] writing requirements to build/spider_ros/spider_ros.egg-info/requires.txt
[0.416s] writing top-level names to build/spider_ros/spider_ros.egg-info/top_level.txt
[0.416s] writing manifest file 'build/spider_ros/spider_ros.egg-info/SOURCES.txt'
[0.416s] reading manifest file 'build/spider_ros/spider_ros.egg-info/SOURCES.txt'
[0.417s] writing manifest file 'build/spider_ros/spider_ros.egg-info/SOURCES.txt'
[0.417s] running build
[0.417s] running install
[0.417s] running install_data
[0.417s] creating /home/maki/Desktop/GitHub/SpiderRos/WS/src/spider_ros/install/spider_ros/share/ament_index
[0.417s] creating /home/maki/Desktop/GitHub/SpiderRos/WS/src/spider_ros/install/spider_ros/share/ament_index/resource_index
[0.417s] creating /home/maki/Desktop/GitHub/SpiderRos/WS/src/spider_ros/install/spider_ros/share/ament_index/resource_index/packages
[0.417s] copying resource/spider_ros -> /home/maki/Desktop/GitHub/SpiderRos/WS/src/spider_ros/install/spider_ros/share/ament_index/resource_index/packages
[0.417s] copying package.xml -> /home/maki/Desktop/GitHub/SpiderRos/WS/src/spider_ros/install/spider_ros/share/spider_ros
[0.417s] creating /home/maki/Desktop/GitHub/SpiderRos/WS/src/spider_ros/install/spider_ros/share/spider_ros/launch
[0.417s] copying launch/simulacion_launch.py -> /home/maki/Desktop/GitHub/SpiderRos/WS/src/spider_ros/install/spider_ros/share/spider_ros/launch
[0.417s] creating /home/maki/Desktop/GitHub/SpiderRos/WS/src/spider_ros/install/spider_ros/share/spider_ros/urdf
[0.417s] copying urdf/spider_model.urdf.xacro -> /home/maki/Desktop/GitHub/SpiderRos/WS/src/spider_ros/install/spider_ros/share/spider_ros/urdf
[0.417s] creating /home/maki/Desktop/GitHub/SpiderRos/WS/src/spider_ros/install/spider_ros/share/spider_ros/config
[0.417s] copying config/spider_control.yaml -> /home/maki/Desktop/GitHub/SpiderRos/WS/src/spider_ros/install/spider_ros/share/spider_ros/config
[0.418s] running install_egg_info
[0.419s] Copying build/spider_ros/spider_ros.egg-info to /home/maki/Desktop/GitHub/SpiderRos/WS/src/spider_ros/install/spider_ros/lib/python3.10/site-packages/spider_ros-0.0.0-py3.10.egg-info
[0.419s] running install_scripts
[0.431s] Installing spider_controller script to /home/maki/Desktop/GitHub/SpiderRos/WS/src/spider_ros/install/spider_ros/lib/spider_ros
[0.431s] writing list of installed files to '/home/maki/Desktop/GitHub/SpiderRos/WS/src/spider_ros/build/spider_ros/install.log'
[0.444s] Invoked command in '/home/maki/Desktop/GitHub/SpiderRos/WS/src/spider_ros' returned '0': PYTHONPATH=/home/maki/Desktop/GitHub/SpiderRos/WS/src/spider_ros/build/spider_ros/prefix_override:/usr/lib/python3/dist-packages/colcon_core/task/python/colcon_distutils_commands:/home/maki/Desktop/GitHub/SpiderRos/WS/src/spider_ros/install/spider_ros/lib/python3.10/site-packages:${PYTHONPATH} /usr/bin/python3 -W ignore:setup.py install is deprecated -W ignore:easy_install command is deprecated setup.py egg_info --egg-base build/spider_ros build --build-base /home/maki/Desktop/GitHub/SpiderRos/WS/src/spider_ros/build/spider_ros/build install --record /home/maki/Desktop/GitHub/SpiderRos/WS/src/spider_ros/build/spider_ros/install.log --single-version-externally-managed install_data
