[0.011s] Invoking command in '/home/maki/Desktop/GitHub/SpiderRos/build/spider_description': CMAKE_PREFIX_PATH=${CMAKE_PREFIX_PATH}:/opt/ros/humble /usr/bin/cmake --build /home/maki/Desktop/GitHub/SpiderRos/build/spider_description -- -j16 -l16
[0.037s] -- Found ament_cmake: 1.3.12 (/opt/ros/humble/share/ament_cmake/cmake)
[0.166s] -- Found ament_lint_auto: 0.12.14 (/opt/ros/humble/share/ament_lint_auto/cmake)
[0.232s] -- Added test 'copyright' to check source files copyright and LICENSE
[0.233s] -- Added test 'flake8' to check Python code syntax and style conventions
[0.233s] -- Added test 'lint_cmake' to check CMake code style
[0.233s] -- Added test 'pep257' to check Python code against some of the docstring style conventions in PEP 257
[0.234s] -- Added test 'xmllint' to check XML markup files
[0.235s] -- Configuring done
[0.237s] -- Generating done
[0.238s] -- Build files have been written to: /home/maki/Desktop/GitHub/SpiderRos/build/spider_description
[0.258s] Invoked command in '/home/maki/Desktop/GitHub/SpiderRos/build/spider_description' returned '0': CMAKE_PREFIX_PATH=${CMAKE_PREFIX_PATH}:/opt/ros/humble /usr/bin/cmake --build /home/maki/Desktop/GitHub/SpiderRos/build/spider_description -- -j16 -l16
[0.270s] Invoking command in '/home/maki/Desktop/GitHub/SpiderRos/build/spider_description': CMAKE_PREFIX_PATH=${CMAKE_PREFIX_PATH}:/opt/ros/humble /usr/bin/cmake --install /home/maki/Desktop/GitHub/SpiderRos/build/spider_description
[0.277s] -- Install configuration: ""
[0.277s] -- Up-to-date: /home/maki/Desktop/GitHub/SpiderRos/install/spider_description/share/spider_description/urdf
[0.277s] -- Up-to-date: /home/maki/Desktop/GitHub/SpiderRos/install/spider_description/share/spider_description/urdf/spider.urdf.xacro
[0.277s] -- Up-to-date: /home/maki/Desktop/GitHub/SpiderRos/install/spider_description/share/spider_description/launch
[0.277s] -- Up-to-date: /home/maki/Desktop/GitHub/SpiderRos/install/spider_description/share/spider_description/launch/spider_sim.launch.py
[0.277s] -- Up-to-date: /home/maki/Desktop/GitHub/SpiderRos/install/spider_description/share/spider_description/config
[0.277s] -- Up-to-date: /home/maki/Desktop/GitHub/SpiderRos/install/spider_description/share/spider_description/config/controllers.yaml
[0.277s] -- Up-to-date: /home/maki/Desktop/GitHub/SpiderRos/install/spider_description/share/spider_description/worlds
[0.277s] -- Up-to-date: /home/maki/Desktop/GitHub/SpiderRos/install/spider_description/share/spider_description/worlds/empty.sdf
[0.277s] -- Installing: /home/maki/Desktop/GitHub/SpiderRos/install/spider_description/share/ament_index/resource_index/package_run_dependencies/spider_description
[0.278s] -- Installing: /home/maki/Desktop/GitHub/SpiderRos/install/spider_description/share/ament_index/resource_index/parent_prefix_path/spider_description
[0.278s] -- Up-to-date: /home/maki/Desktop/GitHub/SpiderRos/install/spider_description/share/spider_description/environment/ament_prefix_path.sh
[0.278s] -- Installing: /home/maki/Desktop/GitHub/SpiderRos/install/spider_description/share/spider_description/environment/ament_prefix_path.dsv
[0.278s] -- Up-to-date: /home/maki/Desktop/GitHub/SpiderRos/install/spider_description/share/spider_description/environment/path.sh
[0.278s] -- Installing: /home/maki/Desktop/GitHub/SpiderRos/install/spider_description/share/spider_description/environment/path.dsv
[0.278s] -- Up-to-date: /home/maki/Desktop/GitHub/SpiderRos/install/spider_description/share/spider_description/local_setup.bash
[0.278s] -- Up-to-date: /home/maki/Desktop/GitHub/SpiderRos/install/spider_description/share/spider_description/local_setup.sh
[0.278s] -- Up-to-date: /home/maki/Desktop/GitHub/SpiderRos/install/spider_description/share/spider_description/local_setup.zsh
[0.278s] -- Installing: /home/maki/Desktop/GitHub/SpiderRos/install/spider_description/share/spider_description/local_setup.dsv
[0.278s] -- Installing: /home/maki/Desktop/GitHub/SpiderRos/install/spider_description/share/spider_description/package.dsv
[0.278s] -- Up-to-date: /home/maki/Desktop/GitHub/SpiderRos/install/spider_description/share/ament_index/resource_index/packages/spider_description
[0.279s] -- Up-to-date: /home/maki/Desktop/GitHub/SpiderRos/install/spider_description/share/spider_description/cmake/spider_descriptionConfig.cmake
[0.279s] -- Up-to-date: /home/maki/Desktop/GitHub/SpiderRos/install/spider_description/share/spider_description/cmake/spider_descriptionConfig-version.cmake
[0.279s] -- Installing: /home/maki/Desktop/GitHub/SpiderRos/install/spider_description/share/spider_description/package.xml
[0.280s] Invoked command in '/home/maki/Desktop/GitHub/SpiderRos/build/spider_description' returned '0': CMAKE_PREFIX_PATH=${CMAKE_PREFIX_PATH}:/opt/ros/humble /usr/bin/cmake --install /home/maki/Desktop/GitHub/SpiderRos/build/spider_description
