[0.020s] Invoking command in '/home/maki/Desktop/GitHub/SpiderRos/build/spider_description': CMAKE_PREFIX_PATH=${CMAKE_PREFIX_PATH}:/opt/ros/humble /usr/bin/cmake --build /home/maki/Desktop/GitHub/SpiderRos/build/spider_description -- -j16 -l16
[0.094s] -- Found ament_cmake: 1.3.12 (/opt/ros/humble/share/ament_cmake/cmake)
[0.481s] -- Found ament_lint_auto: 0.12.14 (/opt/ros/humble/share/ament_lint_auto/cmake)
[0.765s] -- Added test 'copyright' to check source files copyright and LICENSE
[0.785s] -- Added test 'flake8' to check Python code syntax and style conventions
[0.788s] -- Added test 'lint_cmake' to check CMake code style
[0.791s] -- Added test 'pep257' to check Python code against some of the docstring style conventions in PEP 257
[0.801s] -- Added test 'xmllint' to check XML markup files
[0.806s] -- Configuring done
[0.824s] -- Generating done
[0.832s] -- Build files have been written to: /home/maki/Desktop/GitHub/SpiderRos/build/spider_description
[0.874s] Invoked command in '/home/maki/Desktop/GitHub/SpiderRos/build/spider_description' returned '0': CMAKE_PREFIX_PATH=${CMAKE_PREFIX_PATH}:/opt/ros/humble /usr/bin/cmake --build /home/maki/Desktop/GitHub/SpiderRos/build/spider_description -- -j16 -l16
[0.893s] Invoking command in '/home/maki/Desktop/GitHub/SpiderRos/build/spider_description': CMAKE_PREFIX_PATH=${CMAKE_PREFIX_PATH}:/opt/ros/humble /usr/bin/cmake --install /home/maki/Desktop/GitHub/SpiderRos/build/spider_description
[0.924s] -- Install configuration: ""
[0.925s] -- Up-to-date: /home/maki/Desktop/GitHub/SpiderRos/install/spider_description/share/spider_description/urdf
[0.925s] -- Up-to-date: /home/maki/Desktop/GitHub/SpiderRos/install/spider_description/share/spider_description/urdf/spider.urdf.xacro
[0.925s] -- Up-to-date: /home/maki/Desktop/GitHub/SpiderRos/install/spider_description/share/spider_description/launch
[0.925s] -- Installing: /home/maki/Desktop/GitHub/SpiderRos/install/spider_description/share/spider_description/launch/spider_sim.launch.py
[0.926s] -- Up-to-date: /home/maki/Desktop/GitHub/SpiderRos/install/spider_description/share/spider_description/config
[0.927s] -- Up-to-date: /home/maki/Desktop/GitHub/SpiderRos/install/spider_description/share/spider_description/config/controllers.yaml
[0.927s] -- Up-to-date: /home/maki/Desktop/GitHub/SpiderRos/install/spider_description/share/spider_description/worlds
[0.927s] -- Up-to-date: /home/maki/Desktop/GitHub/SpiderRos/install/spider_description/share/spider_description/worlds/empty.sdf
[0.928s] -- Up-to-date: /home/maki/Desktop/GitHub/SpiderRos/install/spider_description/share/spider_description/meshes
[0.928s] -- Up-to-date: /home/maki/Desktop/GitHub/SpiderRos/install/spider_description/share/spider_description/meshes/gen_dome.py
[0.928s] -- Up-to-date: /home/maki/Desktop/GitHub/SpiderRos/install/spider_description/share/spider_description/meshes/dome.obj
[0.928s] -- Up-to-date: /home/maki/Desktop/GitHub/SpiderRos/install/spider_description/lib/spider_description/spider_teleop_key.py
[0.928s] -- Up-to-date: /home/maki/Desktop/GitHub/SpiderRos/install/spider_description/share/ament_index/resource_index/package_run_dependencies/spider_description
[0.929s] -- Up-to-date: /home/maki/Desktop/GitHub/SpiderRos/install/spider_description/share/ament_index/resource_index/parent_prefix_path/spider_description
[0.929s] -- Up-to-date: /home/maki/Desktop/GitHub/SpiderRos/install/spider_description/share/spider_description/environment/ament_prefix_path.sh
[0.930s] -- Installing: /home/maki/Desktop/GitHub/SpiderRos/install/spider_description/share/spider_description/environment/ament_prefix_path.dsv
[0.930s] -- Up-to-date: /home/maki/Desktop/GitHub/SpiderRos/install/spider_description/share/spider_description/environment/path.sh
[0.931s] -- Installing: /home/maki/Desktop/GitHub/SpiderRos/install/spider_description/share/spider_description/environment/path.dsv
[0.931s] -- Up-to-date: /home/maki/Desktop/GitHub/SpiderRos/install/spider_description/share/spider_description/local_setup.bash
[0.931s] -- Up-to-date: /home/maki/Desktop/GitHub/SpiderRos/install/spider_description/share/spider_description/local_setup.sh
[0.931s] -- Up-to-date: /home/maki/Desktop/GitHub/SpiderRos/install/spider_description/share/spider_description/local_setup.zsh
[0.931s] -- Installing: /home/maki/Desktop/GitHub/SpiderRos/install/spider_description/share/spider_description/local_setup.dsv
[0.931s] -- Installing: /home/maki/Desktop/GitHub/SpiderRos/install/spider_description/share/spider_description/package.dsv
[0.932s] -- Up-to-date: /home/maki/Desktop/GitHub/SpiderRos/install/spider_description/share/ament_index/resource_index/packages/spider_description
[0.932s] -- Up-to-date: /home/maki/Desktop/GitHub/SpiderRos/install/spider_description/share/spider_description/cmake/spider_descriptionConfig.cmake
[0.932s] -- Up-to-date: /home/maki/Desktop/GitHub/SpiderRos/install/spider_description/share/spider_description/cmake/spider_descriptionConfig-version.cmake
[0.932s] -- Up-to-date: /home/maki/Desktop/GitHub/SpiderRos/install/spider_description/share/spider_description/package.xml
[0.935s] Invoked command in '/home/maki/Desktop/GitHub/SpiderRos/build/spider_description' returned '0': CMAKE_PREFIX_PATH=${CMAKE_PREFIX_PATH}:/opt/ros/humble /usr/bin/cmake --install /home/maki/Desktop/GitHub/SpiderRos/build/spider_description
