[0.906s] Invoking command in '/home/ivan/Escritorio/Spider/WS/src/spider_gazebo': PYTHONPATH=/home/ivan/Escritorio/Spider/WS/build/spider_gazebo/prefix_override:/usr/lib/python3/dist-packages/colcon_core/task/python/colcon_distutils_commands:/home/ivan/Escritorio/Spider/WS/install/spider_gazebo/lib/python3.10/site-packages:${PYTHONPATH} /usr/bin/python3 -W ignore:setup.py install is deprecated -W ignore:easy_install command is deprecated setup.py egg_info --egg-base ../../build/spider_gazebo build --build-base /home/ivan/Escritorio/Spider/WS/build/spider_gazebo/build install --record /home/ivan/Escritorio/Spider/WS/build/spider_gazebo/install.log --single-version-externally-managed install_data
[1.205s] running egg_info
[1.206s] writing ../../build/spider_gazebo/spider_gazebo.egg-info/PKG-INFO
[1.207s] writing dependency_links to ../../build/spider_gazebo/spider_gazebo.egg-info/dependency_links.txt
[1.207s] writing entry points to ../../build/spider_gazebo/spider_gazebo.egg-info/entry_points.txt
[1.207s] writing requirements to ../../build/spider_gazebo/spider_gazebo.egg-info/requires.txt
[1.207s] writing top-level names to ../../build/spider_gazebo/spider_gazebo.egg-info/top_level.txt
[1.210s] reading manifest file '../../build/spider_gazebo/spider_gazebo.egg-info/SOURCES.txt'
[1.211s] writing manifest file '../../build/spider_gazebo/spider_gazebo.egg-info/SOURCES.txt'
[1.211s] running build
[1.211s] running build_py
[1.211s] running install
[1.212s] running install_lib
[1.213s] running install_data
[1.213s] copying launch/spider_lanzador.launch.py -> /home/ivan/Escritorio/Spider/WS/install/spider_gazebo/share/spider_gazebo/launch
[1.213s] copying urdf/spider_model.urdf.xacro -> /home/ivan/Escritorio/Spider/WS/install/spider_gazebo/share/spider_gazebo/urdf
[1.214s] running install_egg_info
[1.216s] removing '/home/ivan/Escritorio/Spider/WS/install/spider_gazebo/lib/python3.10/site-packages/spider_gazebo-0.0.0-py3.10.egg-info' (and everything under it)
[1.216s] Copying ../../build/spider_gazebo/spider_gazebo.egg-info to /home/ivan/Escritorio/Spider/WS/install/spider_gazebo/lib/python3.10/site-packages/spider_gazebo-0.0.0-py3.10.egg-info
[1.218s] running install_scripts
[1.246s] Installing joint_publisher script to /home/ivan/Escritorio/Spider/WS/install/spider_gazebo/lib/spider_gazebo
[1.247s] writing list of installed files to '/home/ivan/Escritorio/Spider/WS/build/spider_gazebo/install.log'
[1.288s] Invoked command in '/home/ivan/Escritorio/Spider/WS/src/spider_gazebo' returned '0': PYTHONPATH=/home/ivan/Escritorio/Spider/WS/build/spider_gazebo/prefix_override:/usr/lib/python3/dist-packages/colcon_core/task/python/colcon_distutils_commands:/home/ivan/Escritorio/Spider/WS/install/spider_gazebo/lib/python3.10/site-packages:${PYTHONPATH} /usr/bin/python3 -W ignore:setup.py install is deprecated -W ignore:easy_install command is deprecated setup.py egg_info --egg-base ../../build/spider_gazebo build --build-base /home/ivan/Escritorio/Spider/WS/build/spider_gazebo/build install --record /home/ivan/Escritorio/Spider/WS/build/spider_gazebo/install.log --single-version-externally-managed install_data
