running egg_info
writing ../../build/spider_gazebo/spider_gazebo.egg-info/PKG-INFO
writing dependency_links to ../../build/spider_gazebo/spider_gazebo.egg-info/dependency_links.txt
writing entry points to ../../build/spider_gazebo/spider_gazebo.egg-info/entry_points.txt
writing requirements to ../../build/spider_gazebo/spider_gazebo.egg-info/requires.txt
writing top-level names to ../../build/spider_gazebo/spider_gazebo.egg-info/top_level.txt
reading manifest file '../../build/spider_gazebo/spider_gazebo.egg-info/SOURCES.txt'
writing manifest file '../../build/spider_gazebo/spider_gazebo.egg-info/SOURCES.txt'
running build
running build_py
running install
running install_lib
running install_data
copying launch/spider_lanzador.launch.py -> /home/ivan/Escritorio/Spider/WS/install/spider_gazebo/share/spider_gazebo/launch
running install_egg_info
removing '/home/ivan/Escritorio/Spider/WS/install/spider_gazebo/lib/python3.10/site-packages/spider_gazebo-0.0.0-py3.10.egg-info' (and everything under it)
Copying ../../build/spider_gazebo/spider_gazebo.egg-info to /home/ivan/Escritorio/Spider/WS/install/spider_gazebo/lib/python3.10/site-packages/spider_gazebo-0.0.0-py3.10.egg-info
running install_scripts
Installing joint_publisher script to /home/ivan/Escritorio/Spider/WS/install/spider_gazebo/lib/spider_gazebo
writing list of installed files to '/home/ivan/Escritorio/Spider/WS/build/spider_gazebo/install.log'
