[0.790s] Invoking command in '/home/ivan/Escritorio/Spider/WS/src/spider_gazebo': PYTHONPATH=/home/ivan/Escritorio/Spider/WS/build/spider_gazebo/prefix_override:/usr/lib/python3/dist-packages/colcon_core/task/python/colcon_distutils_commands:/home/ivan/Escritorio/Spider/WS/install/spider_gazebo/lib/python3.10/site-packages:${PYTHONPATH} /usr/bin/python3 -W ignore:setup.py install is deprecated -W ignore:easy_install command is deprecated setup.py egg_info --egg-base ../../build/spider_gazebo build --build-base /home/ivan/Escritorio/Spider/WS/build/spider_gazebo/build install --record /home/ivan/Escritorio/Spider/WS/build/spider_gazebo/install.log --single-version-externally-managed install_data
[1.082s] running egg_info
[1.082s] writing ../../build/spider_gazebo/spider_gazebo.egg-info/PKG-INFO
[1.083s] writing dependency_links to ../../build/spider_gazebo/spider_gazebo.egg-info/dependency_links.txt
[1.083s] writing entry points to ../../build/spider_gazebo/spider_gazebo.egg-info/entry_points.txt
[1.083s] writing requirements to ../../build/spider_gazebo/spider_gazebo.egg-info/requires.txt
[1.083s] writing top-level names to ../../build/spider_gazebo/spider_gazebo.egg-info/top_level.txt
[1.085s] reading manifest file '../../build/spider_gazebo/spider_gazebo.egg-info/SOURCES.txt'
[1.086s] writing manifest file '../../build/spider_gazebo/spider_gazebo.egg-info/SOURCES.txt'
[1.086s] running build
[1.086s] running build_py
[1.087s] running install
[1.087s] running install_lib
[1.088s] running install_data
[1.089s] copying launch/spider_rviz.launch.py -> /home/ivan/Escritorio/Spider/WS/install/spider_gazebo/share/spider_gazebo/launch
[1.089s] running install_egg_info
[1.091s] removing '/home/ivan/Escritorio/Spider/WS/install/spider_gazebo/lib/python3.10/site-packages/spider_gazebo-0.0.0-py3.10.egg-info' (and everything under it)
[1.091s] Copying ../../build/spider_gazebo/spider_gazebo.egg-info to /home/ivan/Escritorio/Spider/WS/install/spider_gazebo/lib/python3.10/site-packages/spider_gazebo-0.0.0-py3.10.egg-info
[1.092s] running install_scripts
[1.117s] Installing joint_publisher script to /home/ivan/Escritorio/Spider/WS/install/spider_gazebo/lib/spider_gazebo
[1.117s] writing list of installed files to '/home/ivan/Escritorio/Spider/WS/build/spider_gazebo/install.log'
[1.156s] Invoked command in '/home/ivan/Escritorio/Spider/WS/src/spider_gazebo' returned '0': PYTHONPATH=/home/ivan/Escritorio/Spider/WS/build/spider_gazebo/prefix_override:/usr/lib/python3/dist-packages/colcon_core/task/python/colcon_distutils_commands:/home/ivan/Escritorio/Spider/WS/install/spider_gazebo/lib/python3.10/site-packages:${PYTHONPATH} /usr/bin/python3 -W ignore:setup.py install is deprecated -W ignore:easy_install command is deprecated setup.py egg_info --egg-base ../../build/spider_gazebo build --build-base /home/ivan/Escritorio/Spider/WS/build/spider_gazebo/build install --record /home/ivan/Escritorio/Spider/WS/build/spider_gazebo/install.log --single-version-externally-managed install_data
