[0.124s] DEBUG:colcon:Command line arguments: ['/usr/bin/colcon', 'build']
[0.124s] DEBUG:colcon:Parsed command line arguments: Namespace(log_base=None, log_level=None, verb_name='build', build_base='build', install_base='install', merge_install=False, symlink_install=False, test_result_base=None, continue_on_error=False, executor='parallel', parallel_workers=4, event_handlers=None, ignore_user_meta=False, metas=['./colcon.meta'], base_paths=['.'], packages_ignore=None, packages_ignore_regex=None, paths=None, packages_up_to=None, packages_up_to_regex=None, packages_above=None, packages_above_and_dependencies=None, packages_above_depth=None, packages_select_by_dep=None, packages_skip_by_dep=None, packages_skip_up_to=None, packages_select_build_failed=False, packages_skip_build_finished=False, packages_select_test_failures=False, packages_skip_test_passed=False, packages_select=None, packages_skip=None, packages_select_regex=None, packages_skip_regex=None, packages_start=None, packages_end=None, allow_overriding=[], cmake_args=None, cmake_target=None, cmake_target_skip_unavailable=False, cmake_clean_cache=False, cmake_clean_first=False, cmake_force_configure=False, ament_cmake_args=None, catkin_cmake_args=None, catkin_skip_building_tests=False, verb_parser=<colcon_defaults.argument_parser.defaults.DefaultArgumentsDecorator object at 0x705d59320df0>, verb_extension=<colcon_core.verb.build.BuildVerb object at 0x705d593208b0>, main=<bound method BuildVerb.main of <colcon_core.verb.build.BuildVerb object at 0x705d593208b0>>)
[0.319s] Level 1:colcon.colcon_core.package_discovery:discover_packages(colcon_meta) check parameters
[0.319s] Level 1:colcon.colcon_core.package_discovery:discover_packages(recursive) check parameters
[0.319s] Level 1:colcon.colcon_core.package_discovery:discover_packages(ignore) check parameters
[0.319s] Level 1:colcon.colcon_core.package_discovery:discover_packages(path) check parameters
[0.319s] Level 1:colcon.colcon_core.package_discovery:discover_packages(colcon_meta) discover
[0.320s] Level 1:colcon.colcon_core.package_discovery:discover_packages(recursive) discover
[0.320s] INFO:colcon.colcon_core.package_discovery:Crawling recursively for packages in '/home/ivan/Escritorio/Spider/WS'
[0.320s] Level 1:colcon.colcon_core.package_identification:_identify(.) by extensions ['ignore', 'ignore_ament_install']
[0.320s] Level 1:colcon.colcon_core.package_identification:_identify(.) by extension 'ignore'
[0.320s] Level 1:colcon.colcon_core.package_identification:_identify(.) by extension 'ignore_ament_install'
[0.320s] Level 1:colcon.colcon_core.package_identification:_identify(.) by extensions ['colcon_pkg']
[0.320s] Level 1:colcon.colcon_core.package_identification:_identify(.) by extension 'colcon_pkg'
[0.320s] Level 1:colcon.colcon_core.package_identification:_identify(.) by extensions ['colcon_meta']
[0.320s] Level 1:colcon.colcon_core.package_identification:_identify(.) by extension 'colcon_meta'
[0.320s] Level 1:colcon.colcon_core.package_identification:_identify(.) by extensions ['ros']
[0.320s] Level 1:colcon.colcon_core.package_identification:_identify(.) by extension 'ros'
[0.333s] Level 1:colcon.colcon_core.package_identification:_identify(.) by extensions ['cmake', 'python']
[0.333s] Level 1:colcon.colcon_core.package_identification:_identify(.) by extension 'cmake'
[0.333s] Level 1:colcon.colcon_core.package_identification:_identify(.) by extension 'python'
[0.333s] Level 1:colcon.colcon_core.package_identification:_identify(.) by extensions ['python_setup_py']
[0.333s] Level 1:colcon.colcon_core.package_identification:_identify(.) by extension 'python_setup_py'
[0.333s] Level 1:colcon.colcon_core.package_identification:_identify(build) by extensions ['ignore', 'ignore_ament_install']
[0.334s] Level 1:colcon.colcon_core.package_identification:_identify(build) by extension 'ignore'
[0.334s] Level 1:colcon.colcon_core.package_identification:_identify(build) ignored
[0.334s] Level 1:colcon.colcon_core.package_identification:_identify(install) by extensions ['ignore', 'ignore_ament_install']
[0.334s] Level 1:colcon.colcon_core.package_identification:_identify(install) by extension 'ignore'
[0.334s] Level 1:colcon.colcon_core.package_identification:_identify(install) ignored
[0.334s] Level 1:colcon.colcon_core.package_identification:_identify(log) by extensions ['ignore', 'ignore_ament_install']
[0.334s] Level 1:colcon.colcon_core.package_identification:_identify(log) by extension 'ignore'
[0.334s] Level 1:colcon.colcon_core.package_identification:_identify(log) ignored
[0.334s] Level 1:colcon.colcon_core.package_identification:_identify(src) by extensions ['ignore', 'ignore_ament_install']
[0.334s] Level 1:colcon.colcon_core.package_identification:_identify(src) by extension 'ignore'
[0.334s] Level 1:colcon.colcon_core.package_identification:_identify(src) by extension 'ignore_ament_install'
[0.334s] Level 1:colcon.colcon_core.package_identification:_identify(src) by extensions ['colcon_pkg']
[0.334s] Level 1:colcon.colcon_core.package_identification:_identify(src) by extension 'colcon_pkg'
[0.334s] Level 1:colcon.colcon_core.package_identification:_identify(src) by extensions ['colcon_meta']
[0.335s] Level 1:colcon.colcon_core.package_identification:_identify(src) by extension 'colcon_meta'
[0.335s] Level 1:colcon.colcon_core.package_identification:_identify(src) by extensions ['ros']
[0.335s] Level 1:colcon.colcon_core.package_identification:_identify(src) by extension 'ros'
[0.335s] Level 1:colcon.colcon_core.package_identification:_identify(src) by extensions ['cmake', 'python']
[0.335s] Level 1:colcon.colcon_core.package_identification:_identify(src) by extension 'cmake'
[0.335s] Level 1:colcon.colcon_core.package_identification:_identify(src) by extension 'python'
[0.335s] Level 1:colcon.colcon_core.package_identification:_identify(src) by extensions ['python_setup_py']
[0.335s] Level 1:colcon.colcon_core.package_identification:_identify(src) by extension 'python_setup_py'
[0.335s] Level 1:colcon.colcon_core.package_identification:_identify(src/spider_gazebo) by extensions ['ignore', 'ignore_ament_install']
[0.335s] Level 1:colcon.colcon_core.package_identification:_identify(src/spider_gazebo) by extension 'ignore'
[0.335s] Level 1:colcon.colcon_core.package_identification:_identify(src/spider_gazebo) by extension 'ignore_ament_install'
[0.335s] Level 1:colcon.colcon_core.package_identification:_identify(src/spider_gazebo) by extensions ['colcon_pkg']
[0.335s] Level 1:colcon.colcon_core.package_identification:_identify(src/spider_gazebo) by extension 'colcon_pkg'
[0.335s] Level 1:colcon.colcon_core.package_identification:_identify(src/spider_gazebo) by extensions ['colcon_meta']
[0.335s] Level 1:colcon.colcon_core.package_identification:_identify(src/spider_gazebo) by extension 'colcon_meta'
[0.335s] Level 1:colcon.colcon_core.package_identification:_identify(src/spider_gazebo) by extensions ['ros']
[0.335s] Level 1:colcon.colcon_core.package_identification:_identify(src/spider_gazebo) by extension 'ros'
[0.338s] DEBUG:colcon.colcon_core.package_identification:Package 'src/spider_gazebo' with type 'ros.ament_python' and name 'spider_gazebo'
[0.338s] Level 1:colcon.colcon_core.package_discovery:discover_packages(recursive) using defaults
[0.338s] Level 1:colcon.colcon_core.package_discovery:discover_packages(ignore) discover
[0.338s] Level 1:colcon.colcon_core.package_discovery:discover_packages(ignore) using defaults
[0.338s] Level 1:colcon.colcon_core.package_discovery:discover_packages(path) discover
[0.338s] Level 1:colcon.colcon_core.package_discovery:discover_packages(path) using defaults
[0.364s] Level 1:colcon.colcon_core.package_discovery:discover_packages(prefix_path) check parameters
[0.364s] Level 1:colcon.colcon_core.package_discovery:discover_packages(prefix_path) discover
[0.380s] DEBUG:colcon.colcon_installed_package_information.package_discovery:Found 1 installed packages in /home/ivan/Escritorio/Spider/WS/install
[0.381s] DEBUG:colcon.colcon_installed_package_information.package_discovery:Found 1 installed packages in /home/ivan/Escritorio/MiniProyects/1/GH/WS/install
[0.383s] DEBUG:colcon.colcon_installed_package_information.package_discovery:Found 330 installed packages in /opt/ros/humble
[0.384s] Level 1:colcon.colcon_core.package_discovery:discover_packages(prefix_path) using defaults
[0.441s] Level 5:colcon.colcon_core.verb:set package 'spider_gazebo' build argument 'cmake_args' from command line to 'None'
[0.441s] Level 5:colcon.colcon_core.verb:set package 'spider_gazebo' build argument 'cmake_target' from command line to 'None'
[0.441s] Level 5:colcon.colcon_core.verb:set package 'spider_gazebo' build argument 'cmake_target_skip_unavailable' from command line to 'False'
[0.441s] Level 5:colcon.colcon_core.verb:set package 'spider_gazebo' build argument 'cmake_clean_cache' from command line to 'False'
[0.442s] Level 5:colcon.colcon_core.verb:set package 'spider_gazebo' build argument 'cmake_clean_first' from command line to 'False'
[0.442s] Level 5:colcon.colcon_core.verb:set package 'spider_gazebo' build argument 'cmake_force_configure' from command line to 'False'
[0.442s] Level 5:colcon.colcon_core.verb:set package 'spider_gazebo' build argument 'ament_cmake_args' from command line to 'None'
[0.442s] Level 5:colcon.colcon_core.verb:set package 'spider_gazebo' build argument 'catkin_cmake_args' from command line to 'None'
[0.442s] Level 5:colcon.colcon_core.verb:set package 'spider_gazebo' build argument 'catkin_skip_building_tests' from command line to 'False'
[0.442s] DEBUG:colcon.colcon_core.verb:Building package 'spider_gazebo' with the following arguments: {'ament_cmake_args': None, 'build_base': '/home/ivan/Escritorio/Spider/WS/build/spider_gazebo', 'catkin_cmake_args': None, 'catkin_skip_building_tests': False, 'cmake_args': None, 'cmake_clean_cache': False, 'cmake_clean_first': False, 'cmake_force_configure': False, 'cmake_target': None, 'cmake_target_skip_unavailable': False, 'install_base': '/home/ivan/Escritorio/Spider/WS/install/spider_gazebo', 'merge_install': False, 'path': '/home/ivan/Escritorio/Spider/WS/src/spider_gazebo', 'symlink_install': False, 'test_result_base': None}
[0.442s] INFO:colcon.colcon_core.executor:Executing jobs using 'parallel' executor
[0.443s] DEBUG:colcon.colcon_parallel_executor.executor.parallel:run_until_complete
[0.443s] INFO:colcon.colcon_ros.task.ament_python.build:Building ROS package in '/home/ivan/Escritorio/Spider/WS/src/spider_gazebo' with build type 'ament_python'
[0.444s] Level 1:colcon.colcon_core.shell:create_environment_hook('spider_gazebo', 'ament_prefix_path')
[0.446s] INFO:colcon.colcon_core.plugin_system:Skipping extension 'colcon_core.shell.bat': Not used on non-Windows systems
[0.446s] INFO:colcon.colcon_core.shell:Creating environment hook '/home/ivan/Escritorio/Spider/WS/install/spider_gazebo/share/spider_gazebo/hook/ament_prefix_path.ps1'
[0.447s] INFO:colcon.colcon_core.shell:Creating environment descriptor '/home/ivan/Escritorio/Spider/WS/install/spider_gazebo/share/spider_gazebo/hook/ament_prefix_path.dsv'
[0.447s] INFO:colcon.colcon_core.shell:Creating environment hook '/home/ivan/Escritorio/Spider/WS/install/spider_gazebo/share/spider_gazebo/hook/ament_prefix_path.sh'
[0.448s] INFO:colcon.colcon_core.shell:Skip shell extension 'powershell' for command environment: Not usable outside of PowerShell
[0.448s] DEBUG:colcon.colcon_core.shell:Skip shell extension 'dsv' for command environment
[0.768s] INFO:colcon.colcon_core.task.python.build:Building Python package in '/home/ivan/Escritorio/Spider/WS/src/spider_gazebo'
[0.768s] INFO:colcon.colcon_core.shell:Skip shell extension 'powershell' for command environment: Not usable outside of PowerShell
[0.769s] DEBUG:colcon.colcon_core.shell:Skip shell extension 'dsv' for command environment
[1.203s] DEBUG:colcon.colcon_core.event_handler.log_command:Invoking command in '/home/ivan/Escritorio/Spider/WS/build/spider_gazebo': PYTHONPATH=/home/ivan/Escritorio/Spider/WS/build/spider_gazebo/prefix_override:/usr/lib/python3/dist-packages/colcon_core/task/python/colcon_distutils_commands:/home/ivan/Escritorio/Spider/WS/install/spider_gazebo/lib/python3.10/site-packages:${PYTHONPATH} /usr/bin/python3 -W ignore:setup.py install is deprecated -W ignore:easy_install command is deprecated setup.py develop --uninstall --editable --build-directory /home/ivan/Escritorio/Spider/WS/build/spider_gazebo/build
[1.744s] DEBUG:colcon.colcon_core.event_handler.log_command:Invoked command in '/home/ivan/Escritorio/Spider/WS/build/spider_gazebo' returned '0': PYTHONPATH=/home/ivan/Escritorio/Spider/WS/build/spider_gazebo/prefix_override:/usr/lib/python3/dist-packages/colcon_core/task/python/colcon_distutils_commands:/home/ivan/Escritorio/Spider/WS/install/spider_gazebo/lib/python3.10/site-packages:${PYTHONPATH} /usr/bin/python3 -W ignore:setup.py install is deprecated -W ignore:easy_install command is deprecated setup.py develop --uninstall --editable --build-directory /home/ivan/Escritorio/Spider/WS/build/spider_gazebo/build
[1.746s] DEBUG:colcon.colcon_core.event_handler.log_command:Invoking command in '/home/ivan/Escritorio/Spider/WS/src/spider_gazebo': PYTHONPATH=/home/ivan/Escritorio/Spider/WS/build/spider_gazebo/prefix_override:/usr/lib/python3/dist-packages/colcon_core/task/python/colcon_distutils_commands:/home/ivan/Escritorio/Spider/WS/install/spider_gazebo/lib/python3.10/site-packages:${PYTHONPATH} /usr/bin/python3 -W ignore:setup.py install is deprecated -W ignore:easy_install command is deprecated setup.py egg_info --egg-base ../../build/spider_gazebo build --build-base /home/ivan/Escritorio/Spider/WS/build/spider_gazebo/build install --record /home/ivan/Escritorio/Spider/WS/build/spider_gazebo/install.log --single-version-externally-managed install_data --force
[2.120s] DEBUG:colcon.colcon_core.event_handler.log_command:Invoked command in '/home/ivan/Escritorio/Spider/WS/src/spider_gazebo' returned '0': PYTHONPATH=/home/ivan/Escritorio/Spider/WS/build/spider_gazebo/prefix_override:/usr/lib/python3/dist-packages/colcon_core/task/python/colcon_distutils_commands:/home/ivan/Escritorio/Spider/WS/install/spider_gazebo/lib/python3.10/site-packages:${PYTHONPATH} /usr/bin/python3 -W ignore:setup.py install is deprecated -W ignore:easy_install command is deprecated setup.py egg_info --egg-base ../../build/spider_gazebo build --build-base /home/ivan/Escritorio/Spider/WS/build/spider_gazebo/build install --record /home/ivan/Escritorio/Spider/WS/build/spider_gazebo/install.log --single-version-externally-managed install_data --force
[2.123s] Level 1:colcon.colcon_core.environment:checking '/home/ivan/Escritorio/Spider/WS/install/spider_gazebo' for CMake module files
[2.123s] Level 1:colcon.colcon_core.environment:checking '/home/ivan/Escritorio/Spider/WS/install/spider_gazebo' for CMake config files
[2.124s] Level 1:colcon.colcon_core.environment:checking '/home/ivan/Escritorio/Spider/WS/install/spider_gazebo/lib'
[2.124s] Level 1:colcon.colcon_core.environment:checking '/home/ivan/Escritorio/Spider/WS/install/spider_gazebo/bin'
[2.124s] Level 1:colcon.colcon_core.environment:checking '/home/ivan/Escritorio/Spider/WS/install/spider_gazebo/lib/pkgconfig/spider_gazebo.pc'
[2.125s] Level 1:colcon.colcon_core.environment:checking '/home/ivan/Escritorio/Spider/WS/install/spider_gazebo/lib/python3.10/site-packages'
[2.125s] Level 1:colcon.colcon_core.shell:create_environment_hook('spider_gazebo', 'pythonpath')
[2.125s] INFO:colcon.colcon_core.shell:Creating environment hook '/home/ivan/Escritorio/Spider/WS/install/spider_gazebo/share/spider_gazebo/hook/pythonpath.ps1'
[2.126s] INFO:colcon.colcon_core.shell:Creating environment descriptor '/home/ivan/Escritorio/Spider/WS/install/spider_gazebo/share/spider_gazebo/hook/pythonpath.dsv'
[2.126s] INFO:colcon.colcon_core.shell:Creating environment hook '/home/ivan/Escritorio/Spider/WS/install/spider_gazebo/share/spider_gazebo/hook/pythonpath.sh'
[2.127s] Level 1:colcon.colcon_core.environment:checking '/home/ivan/Escritorio/Spider/WS/install/spider_gazebo/bin'
[2.127s] Level 1:colcon.colcon_core.environment:create_environment_scripts_only(spider_gazebo)
[2.127s] INFO:colcon.colcon_core.shell:Creating package script '/home/ivan/Escritorio/Spider/WS/install/spider_gazebo/share/spider_gazebo/package.ps1'
[2.128s] INFO:colcon.colcon_core.shell:Creating package descriptor '/home/ivan/Escritorio/Spider/WS/install/spider_gazebo/share/spider_gazebo/package.dsv'
[2.129s] INFO:colcon.colcon_core.shell:Creating package script '/home/ivan/Escritorio/Spider/WS/install/spider_gazebo/share/spider_gazebo/package.sh'
[2.130s] INFO:colcon.colcon_core.shell:Creating package script '/home/ivan/Escritorio/Spider/WS/install/spider_gazebo/share/spider_gazebo/package.bash'
[2.131s] INFO:colcon.colcon_core.shell:Creating package script '/home/ivan/Escritorio/Spider/WS/install/spider_gazebo/share/spider_gazebo/package.zsh'
[2.133s] Level 1:colcon.colcon_core.environment:create_file_with_runtime_dependencies(/home/ivan/Escritorio/Spider/WS/install/spider_gazebo/share/colcon-core/packages/spider_gazebo)
[2.134s] DEBUG:colcon.colcon_parallel_executor.executor.parallel:closing loop
[2.135s] DEBUG:colcon.colcon_parallel_executor.executor.parallel:loop closed
[2.135s] DEBUG:colcon.colcon_parallel_executor.executor.parallel:run_until_complete finished with '0'
[2.135s] DEBUG:colcon.colcon_core.event_reactor:joining thread
[2.153s] INFO:colcon.colcon_core.plugin_system:Skipping extension 'colcon_notification.desktop_notification.terminal_notifier': Not used on non-Darwin systems
[2.154s] INFO:colcon.colcon_core.plugin_system:Skipping extension 'colcon_notification.desktop_notification.win32': Not used on non-Windows systems
[2.154s] INFO:colcon.colcon_notification.desktop_notification:Sending desktop notification using 'notify2'
[2.188s] DEBUG:colcon.colcon_core.event_reactor:joined thread
[2.189s] INFO:colcon.colcon_core.shell:Creating prefix script '/home/ivan/Escritorio/Spider/WS/install/local_setup.ps1'
[2.193s] INFO:colcon.colcon_core.shell:Creating prefix util module '/home/ivan/Escritorio/Spider/WS/install/_local_setup_util_ps1.py'
[2.199s] INFO:colcon.colcon_core.shell:Creating prefix chain script '/home/ivan/Escritorio/Spider/WS/install/setup.ps1'
[2.203s] INFO:colcon.colcon_core.shell:Creating prefix script '/home/ivan/Escritorio/Spider/WS/install/local_setup.sh'
[2.204s] INFO:colcon.colcon_core.shell:Creating prefix util module '/home/ivan/Escritorio/Spider/WS/install/_local_setup_util_sh.py'
[2.206s] INFO:colcon.colcon_core.shell:Creating prefix chain script '/home/ivan/Escritorio/Spider/WS/install/setup.sh'
[2.211s] INFO:colcon.colcon_core.shell:Creating prefix script '/home/ivan/Escritorio/Spider/WS/install/local_setup.bash'
[2.213s] INFO:colcon.colcon_core.shell:Creating prefix chain script '/home/ivan/Escritorio/Spider/WS/install/setup.bash'
[2.216s] INFO:colcon.colcon_core.shell:Creating prefix script '/home/ivan/Escritorio/Spider/WS/install/local_setup.zsh'
[2.218s] INFO:colcon.colcon_core.shell:Creating prefix chain script '/home/ivan/Escritorio/Spider/WS/install/setup.zsh'
