[0.749s] Invoking command in '/home/ivan/Escritorio/Spider/WS/build/spider_gazebo': PYTHONPATH=/home/ivan/Escritorio/Spider/WS/build/spider_gazebo/prefix_override:/usr/lib/python3/dist-packages/colcon_core/task/python/colcon_distutils_commands:/home/ivan/Escritorio/Spider/WS/install/spider_gazebo/lib/python3.10/site-packages:${PYTHONPATH} /usr/bin/python3 -W ignore:setup.py install is deprecated -W ignore:easy_install command is deprecated setup.py develop --editable --build-directory /home/ivan/Escritorio/Spider/WS/build/spider_gazebo/build --no-deps symlink_data --force
[1.057s] running develop
[1.244s] running egg_info
[1.244s] writing spider_gazebo.egg-info/PKG-INFO
[1.245s] writing dependency_links to spider_gazebo.egg-info/dependency_links.txt
[1.245s] writing entry points to spider_gazebo.egg-info/entry_points.txt
[1.245s] writing requirements to spider_gazebo.egg-info/requires.txt
[1.246s] writing top-level names to spider_gazebo.egg-info/top_level.txt
[1.248s] reading manifest file 'spider_gazebo.egg-info/SOURCES.txt'
[1.249s] writing manifest file 'spider_gazebo.egg-info/SOURCES.txt'
[1.250s] running build_ext
[1.251s] Creating /home/ivan/Escritorio/Spider/WS/install/spider_gazebo/lib/python3.10/site-packages/spider-gazebo.egg-link (link to .)
[1.252s] Installing joint_publisher script to /home/ivan/Escritorio/Spider/WS/install/spider_gazebo/lib/spider_gazebo
[1.252s] 
[1.252s] Installed /home/ivan/Escritorio/Spider/WS/build/spider_gazebo
[1.252s] running symlink_data
[1.252s] symbolically linking /home/ivan/Escritorio/Spider/WS/build/spider_gazebo/resource/spider_gazebo -> /home/ivan/Escritorio/Spider/WS/install/spider_gazebo/share/ament_index/resource_index/packages
[1.253s] symbolically linking /home/ivan/Escritorio/Spider/WS/build/spider_gazebo/package.xml -> /home/ivan/Escritorio/Spider/WS/install/spider_gazebo/share/spider_gazebo
[1.253s] symbolically linking /home/ivan/Escritorio/Spider/WS/build/spider_gazebo/launch/spider_lanzador.launch.py -> /home/ivan/Escritorio/Spider/WS/install/spider_gazebo/share/spider_gazebo/launch
[1.253s] symbolically linking /home/ivan/Escritorio/Spider/WS/build/spider_gazebo/urdf/spider_model.urdf.xacro -> /home/ivan/Escritorio/Spider/WS/install/spider_gazebo/share/spider_gazebo/urdf
[1.295s] Invoked command in '/home/ivan/Escritorio/Spider/WS/build/spider_gazebo' returned '0': PYTHONPATH=/home/ivan/Escritorio/Spider/WS/build/spider_gazebo/prefix_override:/usr/lib/python3/dist-packages/colcon_core/task/python/colcon_distutils_commands:/home/ivan/Escritorio/Spider/WS/install/spider_gazebo/lib/python3.10/site-packages:${PYTHONPATH} /usr/bin/python3 -W ignore:setup.py install is deprecated -W ignore:easy_install command is deprecated setup.py develop --editable --build-directory /home/ivan/Escritorio/Spider/WS/build/spider_gazebo/build --no-deps symlink_data --force
