[0.950s] Invoking command in '/home/ivan/Escritorio/Spider/WS/src/spider_gazebo': PYTHONPATH=/home/ivan/Escritorio/Spider/WS/build/spider_gazebo/prefix_override:/usr/lib/python3/dist-packages/colcon_core/task/python/colcon_distutils_commands:/home/ivan/Escritorio/Spider/WS/install/spider_gazebo/lib/python3.10/site-packages:${PYTHONPATH} /usr/bin/python3 -W ignore:setup.py install is deprecated -W ignore:easy_install command is deprecated setup.py egg_info --egg-base ../../build/spider_gazebo build --build-base /home/ivan/Escritorio/Spider/WS/build/spider_gazebo/build install --record /home/ivan/Escritorio/Spider/WS/build/spider_gazebo/install.log --single-version-externally-managed install_data
[1.238s] running egg_info
[1.239s] creating ../../build/spider_gazebo/spider_gazebo.egg-info
[1.239s] writing ../../build/spider_gazebo/spider_gazebo.egg-info/PKG-INFO
[1.240s] writing dependency_links to ../../build/spider_gazebo/spider_gazebo.egg-info/dependency_links.txt
[1.240s] writing entry points to ../../build/spider_gazebo/spider_gazebo.egg-info/entry_points.txt
[1.240s] writing requirements to ../../build/spider_gazebo/spider_gazebo.egg-info/requires.txt
[1.241s] writing top-level names to ../../build/spider_gazebo/spider_gazebo.egg-info/top_level.txt
[1.241s] writing manifest file '../../build/spider_gazebo/spider_gazebo.egg-info/SOURCES.txt'
[1.243s] reading manifest file '../../build/spider_gazebo/spider_gazebo.egg-info/SOURCES.txt'
[1.244s] writing manifest file '../../build/spider_gazebo/spider_gazebo.egg-info/SOURCES.txt'
[1.244s] running build
[1.244s] running build_py
[1.245s] creating /home/ivan/Escritorio/Spider/WS/build/spider_gazebo/build
[1.245s] creating /home/ivan/Escritorio/Spider/WS/build/spider_gazebo/build/lib
[1.245s] creating /home/ivan/Escritorio/Spider/WS/build/spider_gazebo/build/lib/spider_gazebo
[1.245s] copying spider_gazebo/__init__.py -> /home/ivan/Escritorio/Spider/WS/build/spider_gazebo/build/lib/spider_gazebo
[1.245s] copying spider_gazebo/joint_publisher.py -> /home/ivan/Escritorio/Spider/WS/build/spider_gazebo/build/lib/spider_gazebo
[1.245s] running install
[1.246s] running install_lib
[1.247s] creating /home/ivan/Escritorio/Spider/WS/install/spider_gazebo/lib/python3.10/site-packages/spider_gazebo
[1.247s] copying /home/ivan/Escritorio/Spider/WS/build/spider_gazebo/build/lib/spider_gazebo/__init__.py -> /home/ivan/Escritorio/Spider/WS/install/spider_gazebo/lib/python3.10/site-packages/spider_gazebo
[1.247s] copying /home/ivan/Escritorio/Spider/WS/build/spider_gazebo/build/lib/spider_gazebo/joint_publisher.py -> /home/ivan/Escritorio/Spider/WS/install/spider_gazebo/lib/python3.10/site-packages/spider_gazebo
[1.248s] byte-compiling /home/ivan/Escritorio/Spider/WS/install/spider_gazebo/lib/python3.10/site-packages/spider_gazebo/__init__.py to __init__.cpython-310.pyc
[1.248s] byte-compiling /home/ivan/Escritorio/Spider/WS/install/spider_gazebo/lib/python3.10/site-packages/spider_gazebo/joint_publisher.py to joint_publisher.cpython-310.pyc
[1.249s] running install_data
[1.249s] creating /home/ivan/Escritorio/Spider/WS/install/spider_gazebo/share/ament_index
[1.249s] creating /home/ivan/Escritorio/Spider/WS/install/spider_gazebo/share/ament_index/resource_index
[1.249s] creating /home/ivan/Escritorio/Spider/WS/install/spider_gazebo/share/ament_index/resource_index/packages
[1.250s] copying resource/spider_gazebo -> /home/ivan/Escritorio/Spider/WS/install/spider_gazebo/share/ament_index/resource_index/packages
[1.250s] copying package.xml -> /home/ivan/Escritorio/Spider/WS/install/spider_gazebo/share/spider_gazebo
[1.250s] running install_egg_info
[1.252s] Copying ../../build/spider_gazebo/spider_gazebo.egg-info to /home/ivan/Escritorio/Spider/WS/install/spider_gazebo/lib/python3.10/site-packages/spider_gazebo-0.0.0-py3.10.egg-info
[1.253s] running install_scripts
[1.278s] Installing joint_publisher.py script to /home/ivan/Escritorio/Spider/WS/install/spider_gazebo/lib/spider_gazebo
[1.279s] writing list of installed files to '/home/ivan/Escritorio/Spider/WS/build/spider_gazebo/install.log'
[1.319s] Invoked command in '/home/ivan/Escritorio/Spider/WS/src/spider_gazebo' returned '0': PYTHONPATH=/home/ivan/Escritorio/Spider/WS/build/spider_gazebo/prefix_override:/usr/lib/python3/dist-packages/colcon_core/task/python/colcon_distutils_commands:/home/ivan/Escritorio/Spider/WS/install/spider_gazebo/lib/python3.10/site-packages:${PYTHONPATH} /usr/bin/python3 -W ignore:setup.py install is deprecated -W ignore:easy_install command is deprecated setup.py egg_info --egg-base ../../build/spider_gazebo build --build-base /home/ivan/Escritorio/Spider/WS/build/spider_gazebo/build install --record /home/ivan/Escritorio/Spider/WS/build/spider_gazebo/install.log --single-version-externally-managed install_data
