[0.129s] DEBUG:colcon:Command line arguments: ['/usr/bin/colcon', 'build']
[0.130s] DEBUG:colcon:Parsed command line arguments: Namespace(log_base=None, log_level=None, verb_name='build', build_base='build', install_base='install', merge_install=False, symlink_install=False, test_result_base=None, continue_on_error=False, executor='parallel', parallel_workers=16, event_handlers=None, ignore_user_meta=False, metas=['./colcon.meta'], base_paths=['.'], packages_ignore=None, packages_ignore_regex=None, paths=None, packages_up_to=None, packages_up_to_regex=None, packages_above=None, packages_above_and_dependencies=None, packages_above_depth=None, packages_select_by_dep=None, packages_skip_by_dep=None, packages_skip_up_to=None, packages_select_build_failed=False, packages_skip_build_finished=False, packages_select_test_failures=False, packages_skip_test_passed=False, packages_select=None, packages_skip=None, packages_select_regex=None, packages_skip_regex=None, packages_start=None, packages_end=None, allow_overriding=[], cmake_args=None, cmake_target=None, cmake_target_skip_unavailable=False, cmake_clean_cache=False, cmake_clean_first=False, cmake_force_configure=False, ament_cmake_args=None, catkin_cmake_args=None, catkin_skip_building_tests=False, verb_parser=<colcon_defaults.argument_parser.defaults.DefaultArgumentsDecorator object at 0x7ba30184c5b0>, verb_extension=<colcon_core.verb.build.BuildVerb object at 0x7ba30184c0d0>, main=<bound method BuildVerb.main of <colcon_core.verb.build.BuildVerb object at 0x7ba30184c0d0>>)
[0.306s] Level 1:colcon.colcon_core.package_discovery:discover_packages(colcon_meta) check parameters
[0.307s] Level 1:colcon.colcon_core.package_discovery:discover_packages(recursive) check parameters
[0.307s] Level 1:colcon.colcon_core.package_discovery:discover_packages(ignore) check parameters
[0.307s] Level 1:colcon.colcon_core.package_discovery:discover_packages(path) check parameters
[0.307s] Level 1:colcon.colcon_core.package_discovery:discover_packages(colcon_meta) discover
[0.307s] Level 1:colcon.colcon_core.package_discovery:discover_packages(recursive) discover
[0.307s] INFO:colcon.colcon_core.package_discovery:Crawling recursively for packages in '/home/maki/Desktop/GitHub/SpiderRos'
[0.307s] Level 1:colcon.colcon_core.package_identification:_identify(.) by extensions ['ignore', 'ignore_ament_install']
[0.307s] Level 1:colcon.colcon_core.package_identification:_identify(.) by extension 'ignore'
[0.307s] Level 1:colcon.colcon_core.package_identification:_identify(.) by extension 'ignore_ament_install'
[0.307s] Level 1:colcon.colcon_core.package_identification:_identify(.) by extensions ['colcon_pkg']
[0.307s] Level 1:colcon.colcon_core.package_identification:_identify(.) by extension 'colcon_pkg'
[0.308s] Level 1:colcon.colcon_core.package_identification:_identify(.) by extensions ['colcon_meta']
[0.308s] Level 1:colcon.colcon_core.package_identification:_identify(.) by extension 'colcon_meta'
[0.308s] Level 1:colcon.colcon_core.package_identification:_identify(.) by extensions ['ros']
[0.308s] Level 1:colcon.colcon_core.package_identification:_identify(.) by extension 'ros'
[0.322s] Level 1:colcon.colcon_core.package_identification:_identify(.) by extensions ['cmake', 'python']
[0.322s] Level 1:colcon.colcon_core.package_identification:_identify(.) by extension 'cmake'
[0.322s] Level 1:colcon.colcon_core.package_identification:_identify(.) by extension 'python'
[0.322s] Level 1:colcon.colcon_core.package_identification:_identify(.) by extensions ['python_setup_py']
[0.322s] Level 1:colcon.colcon_core.package_identification:_identify(.) by extension 'python_setup_py'
[0.322s] Level 1:colcon.colcon_core.package_identification:_identify(build) by extensions ['ignore', 'ignore_ament_install']
[0.322s] Level 1:colcon.colcon_core.package_identification:_identify(build) by extension 'ignore'
[0.322s] Level 1:colcon.colcon_core.package_identification:_identify(build) ignored
[0.323s] Level 1:colcon.colcon_core.package_identification:_identify(install) by extensions ['ignore', 'ignore_ament_install']
[0.323s] Level 1:colcon.colcon_core.package_identification:_identify(install) by extension 'ignore'
[0.323s] Level 1:colcon.colcon_core.package_identification:_identify(install) ignored
[0.323s] Level 1:colcon.colcon_core.package_identification:_identify(log) by extensions ['ignore', 'ignore_ament_install']
[0.323s] Level 1:colcon.colcon_core.package_identification:_identify(log) by extension 'ignore'
[0.323s] Level 1:colcon.colcon_core.package_identification:_identify(log) ignored
[0.323s] Level 1:colcon.colcon_core.package_identification:_identify(openspec) by extensions ['ignore', 'ignore_ament_install']
[0.323s] Level 1:colcon.colcon_core.package_identification:_identify(openspec) by extension 'ignore'
[0.324s] Level 1:colcon.colcon_core.package_identification:_identify(openspec) by extension 'ignore_ament_install'
[0.324s] Level 1:colcon.colcon_core.package_identification:_identify(openspec) by extensions ['colcon_pkg']
[0.324s] Level 1:colcon.colcon_core.package_identification:_identify(openspec) by extension 'colcon_pkg'
[0.324s] Level 1:colcon.colcon_core.package_identification:_identify(openspec) by extensions ['colcon_meta']
[0.324s] Level 1:colcon.colcon_core.package_identification:_identify(openspec) by extension 'colcon_meta'
[0.324s] Level 1:colcon.colcon_core.package_identification:_identify(openspec) by extensions ['ros']
[0.324s] Level 1:colcon.colcon_core.package_identification:_identify(openspec) by extension 'ros'
[0.324s] Level 1:colcon.colcon_core.package_identification:_identify(openspec) by extensions ['cmake', 'python']
[0.324s] Level 1:colcon.colcon_core.package_identification:_identify(openspec) by extension 'cmake'
[0.324s] Level 1:colcon.colcon_core.package_identification:_identify(openspec) by extension 'python'
[0.324s] Level 1:colcon.colcon_core.package_identification:_identify(openspec) by extensions ['python_setup_py']
[0.324s] Level 1:colcon.colcon_core.package_identification:_identify(openspec) by extension 'python_setup_py'
[0.324s] Level 1:colcon.colcon_core.package_identification:_identify(openspec/changes) by extensions ['ignore', 'ignore_ament_install']
[0.324s] Level 1:colcon.colcon_core.package_identification:_identify(openspec/changes) by extension 'ignore'
[0.325s] Level 1:colcon.colcon_core.package_identification:_identify(openspec/changes) by extension 'ignore_ament_install'
[0.325s] Level 1:colcon.colcon_core.package_identification:_identify(openspec/changes) by extensions ['colcon_pkg']
[0.325s] Level 1:colcon.colcon_core.package_identification:_identify(openspec/changes) by extension 'colcon_pkg'
[0.325s] Level 1:colcon.colcon_core.package_identification:_identify(openspec/changes) by extensions ['colcon_meta']
[0.325s] Level 1:colcon.colcon_core.package_identification:_identify(openspec/changes) by extension 'colcon_meta'
[0.325s] Level 1:colcon.colcon_core.package_identification:_identify(openspec/changes) by extensions ['ros']
[0.325s] Level 1:colcon.colcon_core.package_identification:_identify(openspec/changes) by extension 'ros'
[0.325s] Level 1:colcon.colcon_core.package_identification:_identify(openspec/changes) by extensions ['cmake', 'python']
[0.325s] Level 1:colcon.colcon_core.package_identification:_identify(openspec/changes) by extension 'cmake'
[0.325s] Level 1:colcon.colcon_core.package_identification:_identify(openspec/changes) by extension 'python'
[0.325s] Level 1:colcon.colcon_core.package_identification:_identify(openspec/changes) by extensions ['python_setup_py']
[0.325s] Level 1:colcon.colcon_core.package_identification:_identify(openspec/changes) by extension 'python_setup_py'
[0.325s] Level 1:colcon.colcon_core.package_identification:_identify(openspec/changes/archive) by extensions ['ignore', 'ignore_ament_install']
[0.325s] Level 1:colcon.colcon_core.package_identification:_identify(openspec/changes/archive) by extension 'ignore'
[0.326s] Level 1:colcon.colcon_core.package_identification:_identify(openspec/changes/archive) by extension 'ignore_ament_install'
[0.326s] Level 1:colcon.colcon_core.package_identification:_identify(openspec/changes/archive) by extensions ['colcon_pkg']
[0.326s] Level 1:colcon.colcon_core.package_identification:_identify(openspec/changes/archive) by extension 'colcon_pkg'
[0.326s] Level 1:colcon.colcon_core.package_identification:_identify(openspec/changes/archive) by extensions ['colcon_meta']
[0.326s] Level 1:colcon.colcon_core.package_identification:_identify(openspec/changes/archive) by extension 'colcon_meta'
[0.326s] Level 1:colcon.colcon_core.package_identification:_identify(openspec/changes/archive) by extensions ['ros']
[0.326s] Level 1:colcon.colcon_core.package_identification:_identify(openspec/changes/archive) by extension 'ros'
[0.326s] Level 1:colcon.colcon_core.package_identification:_identify(openspec/changes/archive) by extensions ['cmake', 'python']
[0.326s] Level 1:colcon.colcon_core.package_identification:_identify(openspec/changes/archive) by extension 'cmake'
[0.326s] Level 1:colcon.colcon_core.package_identification:_identify(openspec/changes/archive) by extension 'python'
[0.326s] Level 1:colcon.colcon_core.package_identification:_identify(openspec/changes/archive) by extensions ['python_setup_py']
[0.326s] Level 1:colcon.colcon_core.package_identification:_identify(openspec/changes/archive) by extension 'python_setup_py'
[0.326s] Level 1:colcon.colcon_core.package_identification:_identify(openspec/changes/archive/2026-03-05-hito-2-teleop-key) by extensions ['ignore', 'ignore_ament_install']
[0.327s] Level 1:colcon.colcon_core.package_identification:_identify(openspec/changes/archive/2026-03-05-hito-2-teleop-key) by extension 'ignore'
[0.327s] Level 1:colcon.colcon_core.package_identification:_identify(openspec/changes/archive/2026-03-05-hito-2-teleop-key) by extension 'ignore_ament_install'
[0.327s] Level 1:colcon.colcon_core.package_identification:_identify(openspec/changes/archive/2026-03-05-hito-2-teleop-key) by extensions ['colcon_pkg']
[0.327s] Level 1:colcon.colcon_core.package_identification:_identify(openspec/changes/archive/2026-03-05-hito-2-teleop-key) by extension 'colcon_pkg'
[0.327s] Level 1:colcon.colcon_core.package_identification:_identify(openspec/changes/archive/2026-03-05-hito-2-teleop-key) by extensions ['colcon_meta']
[0.327s] Level 1:colcon.colcon_core.package_identification:_identify(openspec/changes/archive/2026-03-05-hito-2-teleop-key) by extension 'colcon_meta'
[0.327s] Level 1:colcon.colcon_core.package_identification:_identify(openspec/changes/archive/2026-03-05-hito-2-teleop-key) by extensions ['ros']
[0.327s] Level 1:colcon.colcon_core.package_identification:_identify(openspec/changes/archive/2026-03-05-hito-2-teleop-key) by extension 'ros'
[0.327s] Level 1:colcon.colcon_core.package_identification:_identify(openspec/changes/archive/2026-03-05-hito-2-teleop-key) by extensions ['cmake', 'python']
[0.327s] Level 1:colcon.colcon_core.package_identification:_identify(openspec/changes/archive/2026-03-05-hito-2-teleop-key) by extension 'cmake'
[0.327s] Level 1:colcon.colcon_core.package_identification:_identify(openspec/changes/archive/2026-03-05-hito-2-teleop-key) by extension 'python'
[0.327s] Level 1:colcon.colcon_core.package_identification:_identify(openspec/changes/archive/2026-03-05-hito-2-teleop-key) by extensions ['python_setup_py']
[0.327s] Level 1:colcon.colcon_core.package_identification:_identify(openspec/changes/archive/2026-03-05-hito-2-teleop-key) by extension 'python_setup_py'
[0.327s] Level 1:colcon.colcon_core.package_identification:_identify(openspec/changes/archive/2026-03-05-hito-2-teleop-key/specs) by extensions ['ignore', 'ignore_ament_install']
[0.328s] Level 1:colcon.colcon_core.package_identification:_identify(openspec/changes/archive/2026-03-05-hito-2-teleop-key/specs) by extension 'ignore'
[0.328s] Level 1:colcon.colcon_core.package_identification:_identify(openspec/changes/archive/2026-03-05-hito-2-teleop-key/specs) by extension 'ignore_ament_install'
[0.328s] Level 1:colcon.colcon_core.package_identification:_identify(openspec/changes/archive/2026-03-05-hito-2-teleop-key/specs) by extensions ['colcon_pkg']
[0.328s] Level 1:colcon.colcon_core.package_identification:_identify(openspec/changes/archive/2026-03-05-hito-2-teleop-key/specs) by extension 'colcon_pkg'
[0.328s] Level 1:colcon.colcon_core.package_identification:_identify(openspec/changes/archive/2026-03-05-hito-2-teleop-key/specs) by extensions ['colcon_meta']
[0.328s] Level 1:colcon.colcon_core.package_identification:_identify(openspec/changes/archive/2026-03-05-hito-2-teleop-key/specs) by extension 'colcon_meta'
[0.328s] Level 1:colcon.colcon_core.package_identification:_identify(openspec/changes/archive/2026-03-05-hito-2-teleop-key/specs) by extensions ['ros']
[0.328s] Level 1:colcon.colcon_core.package_identification:_identify(openspec/changes/archive/2026-03-05-hito-2-teleop-key/specs) by extension 'ros'
[0.328s] Level 1:colcon.colcon_core.package_identification:_identify(openspec/changes/archive/2026-03-05-hito-2-teleop-key/specs) by extensions ['cmake', 'python']
[0.328s] Level 1:colcon.colcon_core.package_identification:_identify(openspec/changes/archive/2026-03-05-hito-2-teleop-key/specs) by extension 'cmake'
[0.328s] Level 1:colcon.colcon_core.package_identification:_identify(openspec/changes/archive/2026-03-05-hito-2-teleop-key/specs) by extension 'python'
[0.328s] Level 1:colcon.colcon_core.package_identification:_identify(openspec/changes/archive/2026-03-05-hito-2-teleop-key/specs) by extensions ['python_setup_py']
[0.328s] Level 1:colcon.colcon_core.package_identification:_identify(openspec/changes/archive/2026-03-05-hito-2-teleop-key/specs) by extension 'python_setup_py'
[0.329s] Level 1:colcon.colcon_core.package_identification:_identify(openspec/changes/archive/2026-03-05-hito-2-teleop-key/specs/joint-position-control) by extensions ['ignore', 'ignore_ament_install']
[0.329s] Level 1:colcon.colcon_core.package_identification:_identify(openspec/changes/archive/2026-03-05-hito-2-teleop-key/specs/joint-position-control) by extension 'ignore'
[0.329s] Level 1:colcon.colcon_core.package_identification:_identify(openspec/changes/archive/2026-03-05-hito-2-teleop-key/specs/joint-position-control) by extension 'ignore_ament_install'
[0.329s] Level 1:colcon.colcon_core.package_identification:_identify(openspec/changes/archive/2026-03-05-hito-2-teleop-key/specs/joint-position-control) by extensions ['colcon_pkg']
[0.329s] Level 1:colcon.colcon_core.package_identification:_identify(openspec/changes/archive/2026-03-05-hito-2-teleop-key/specs/joint-position-control) by extension 'colcon_pkg'
[0.329s] Level 1:colcon.colcon_core.package_identification:_identify(openspec/changes/archive/2026-03-05-hito-2-teleop-key/specs/joint-position-control) by extensions ['colcon_meta']
[0.329s] Level 1:colcon.colcon_core.package_identification:_identify(openspec/changes/archive/2026-03-05-hito-2-teleop-key/specs/joint-position-control) by extension 'colcon_meta'
[0.329s] Level 1:colcon.colcon_core.package_identification:_identify(openspec/changes/archive/2026-03-05-hito-2-teleop-key/specs/joint-position-control) by extensions ['ros']
[0.329s] Level 1:colcon.colcon_core.package_identification:_identify(openspec/changes/archive/2026-03-05-hito-2-teleop-key/specs/joint-position-control) by extension 'ros'
[0.329s] Level 1:colcon.colcon_core.package_identification:_identify(openspec/changes/archive/2026-03-05-hito-2-teleop-key/specs/joint-position-control) by extensions ['cmake', 'python']
[0.329s] Level 1:colcon.colcon_core.package_identification:_identify(openspec/changes/archive/2026-03-05-hito-2-teleop-key/specs/joint-position-control) by extension 'cmake'
[0.330s] Level 1:colcon.colcon_core.package_identification:_identify(openspec/changes/archive/2026-03-05-hito-2-teleop-key/specs/joint-position-control) by extension 'python'
[0.330s] Level 1:colcon.colcon_core.package_identification:_identify(openspec/changes/archive/2026-03-05-hito-2-teleop-key/specs/joint-position-control) by extensions ['python_setup_py']
[0.330s] Level 1:colcon.colcon_core.package_identification:_identify(openspec/changes/archive/2026-03-05-hito-2-teleop-key/specs/joint-position-control) by extension 'python_setup_py'
[0.330s] Level 1:colcon.colcon_core.package_identification:_identify(openspec/changes/archive/2026-03-05-hito-2-teleop-key/specs/keyboard-teleop) by extensions ['ignore', 'ignore_ament_install']
[0.330s] Level 1:colcon.colcon_core.package_identification:_identify(openspec/changes/archive/2026-03-05-hito-2-teleop-key/specs/keyboard-teleop) by extension 'ignore'
[0.330s] Level 1:colcon.colcon_core.package_identification:_identify(openspec/changes/archive/2026-03-05-hito-2-teleop-key/specs/keyboard-teleop) by extension 'ignore_ament_install'
[0.330s] Level 1:colcon.colcon_core.package_identification:_identify(openspec/changes/archive/2026-03-05-hito-2-teleop-key/specs/keyboard-teleop) by extensions ['colcon_pkg']
[0.330s] Level 1:colcon.colcon_core.package_identification:_identify(openspec/changes/archive/2026-03-05-hito-2-teleop-key/specs/keyboard-teleop) by extension 'colcon_pkg'
[0.330s] Level 1:colcon.colcon_core.package_identification:_identify(openspec/changes/archive/2026-03-05-hito-2-teleop-key/specs/keyboard-teleop) by extensions ['colcon_meta']
[0.330s] Level 1:colcon.colcon_core.package_identification:_identify(openspec/changes/archive/2026-03-05-hito-2-teleop-key/specs/keyboard-teleop) by extension 'colcon_meta'
[0.330s] Level 1:colcon.colcon_core.package_identification:_identify(openspec/changes/archive/2026-03-05-hito-2-teleop-key/specs/keyboard-teleop) by extensions ['ros']
[0.330s] Level 1:colcon.colcon_core.package_identification:_identify(openspec/changes/archive/2026-03-05-hito-2-teleop-key/specs/keyboard-teleop) by extension 'ros'
[0.330s] Level 1:colcon.colcon_core.package_identification:_identify(openspec/changes/archive/2026-03-05-hito-2-teleop-key/specs/keyboard-teleop) by extensions ['cmake', 'python']
[0.330s] Level 1:colcon.colcon_core.package_identification:_identify(openspec/changes/archive/2026-03-05-hito-2-teleop-key/specs/keyboard-teleop) by extension 'cmake'
[0.330s] Level 1:colcon.colcon_core.package_identification:_identify(openspec/changes/archive/2026-03-05-hito-2-teleop-key/specs/keyboard-teleop) by extension 'python'
[0.331s] Level 1:colcon.colcon_core.package_identification:_identify(openspec/changes/archive/2026-03-05-hito-2-teleop-key/specs/keyboard-teleop) by extensions ['python_setup_py']
[0.331s] Level 1:colcon.colcon_core.package_identification:_identify(openspec/changes/archive/2026-03-05-hito-2-teleop-key/specs/keyboard-teleop) by extension 'python_setup_py'
[0.331s] Level 1:colcon.colcon_core.package_identification:_identify(openspec/changes/archive/2026-03-05-hito-2-teleop-key/specs/simulation-launch) by extensions ['ignore', 'ignore_ament_install']
[0.331s] Level 1:colcon.colcon_core.package_identification:_identify(openspec/changes/archive/2026-03-05-hito-2-teleop-key/specs/simulation-launch) by extension 'ignore'
[0.331s] Level 1:colcon.colcon_core.package_identification:_identify(openspec/changes/archive/2026-03-05-hito-2-teleop-key/specs/simulation-launch) by extension 'ignore_ament_install'
[0.331s] Level 1:colcon.colcon_core.package_identification:_identify(openspec/changes/archive/2026-03-05-hito-2-teleop-key/specs/simulation-launch) by extensions ['colcon_pkg']
[0.331s] Level 1:colcon.colcon_core.package_identification:_identify(openspec/changes/archive/2026-03-05-hito-2-teleop-key/specs/simulation-launch) by extension 'colcon_pkg'
[0.331s] Level 1:colcon.colcon_core.package_identification:_identify(openspec/changes/archive/2026-03-05-hito-2-teleop-key/specs/simulation-launch) by extensions ['colcon_meta']
[0.331s] Level 1:colcon.colcon_core.package_identification:_identify(openspec/changes/archive/2026-03-05-hito-2-teleop-key/specs/simulation-launch) by extension 'colcon_meta'
[0.331s] Level 1:colcon.colcon_core.package_identification:_identify(openspec/changes/archive/2026-03-05-hito-2-teleop-key/specs/simulation-launch) by extensions ['ros']
[0.331s] Level 1:colcon.colcon_core.package_identification:_identify(openspec/changes/archive/2026-03-05-hito-2-teleop-key/specs/simulation-launch) by extension 'ros'
[0.331s] Level 1:colcon.colcon_core.package_identification:_identify(openspec/changes/archive/2026-03-05-hito-2-teleop-key/specs/simulation-launch) by extensions ['cmake', 'python']
[0.331s] Level 1:colcon.colcon_core.package_identification:_identify(openspec/changes/archive/2026-03-05-hito-2-teleop-key/specs/simulation-launch) by extension 'cmake'
[0.331s] Level 1:colcon.colcon_core.package_identification:_identify(openspec/changes/archive/2026-03-05-hito-2-teleop-key/specs/simulation-launch) by extension 'python'
[0.331s] Level 1:colcon.colcon_core.package_identification:_identify(openspec/changes/archive/2026-03-05-hito-2-teleop-key/specs/simulation-launch) by extensions ['python_setup_py']
[0.331s] Level 1:colcon.colcon_core.package_identification:_identify(openspec/changes/archive/2026-03-05-hito-2-teleop-key/specs/simulation-launch) by extension 'python_setup_py'
[0.331s] Level 1:colcon.colcon_core.package_identification:_identify(openspec/changes/archive/2026-03-05-spider-ros-base-sim) by extensions ['ignore', 'ignore_ament_install']
[0.331s] Level 1:colcon.colcon_core.package_identification:_identify(openspec/changes/archive/2026-03-05-spider-ros-base-sim) by extension 'ignore'
[0.332s] Level 1:colcon.colcon_core.package_identification:_identify(openspec/changes/archive/2026-03-05-spider-ros-base-sim) by extension 'ignore_ament_install'
[0.332s] Level 1:colcon.colcon_core.package_identification:_identify(openspec/changes/archive/2026-03-05-spider-ros-base-sim) by extensions ['colcon_pkg']
[0.332s] Level 1:colcon.colcon_core.package_identification:_identify(openspec/changes/archive/2026-03-05-spider-ros-base-sim) by extension 'colcon_pkg'
[0.332s] Level 1:colcon.colcon_core.package_identification:_identify(openspec/changes/archive/2026-03-05-spider-ros-base-sim) by extensions ['colcon_meta']
[0.332s] Level 1:colcon.colcon_core.package_identification:_identify(openspec/changes/archive/2026-03-05-spider-ros-base-sim) by extension 'colcon_meta'
[0.332s] Level 1:colcon.colcon_core.package_identification:_identify(openspec/changes/archive/2026-03-05-spider-ros-base-sim) by extensions ['ros']
[0.332s] Level 1:colcon.colcon_core.package_identification:_identify(openspec/changes/archive/2026-03-05-spider-ros-base-sim) by extension 'ros'
[0.332s] Level 1:colcon.colcon_core.package_identification:_identify(openspec/changes/archive/2026-03-05-spider-ros-base-sim) by extensions ['cmake', 'python']
[0.332s] Level 1:colcon.colcon_core.package_identification:_identify(openspec/changes/archive/2026-03-05-spider-ros-base-sim) by extension 'cmake'
[0.332s] Level 1:colcon.colcon_core.package_identification:_identify(openspec/changes/archive/2026-03-05-spider-ros-base-sim) by extension 'python'
[0.332s] Level 1:colcon.colcon_core.package_identification:_identify(openspec/changes/archive/2026-03-05-spider-ros-base-sim) by extensions ['python_setup_py']
[0.332s] Level 1:colcon.colcon_core.package_identification:_identify(openspec/changes/archive/2026-03-05-spider-ros-base-sim) by extension 'python_setup_py'
[0.332s] Level 1:colcon.colcon_core.package_identification:_identify(openspec/changes/archive/2026-03-05-spider-ros-base-sim/specs) by extensions ['ignore', 'ignore_ament_install']
[0.332s] Level 1:colcon.colcon_core.package_identification:_identify(openspec/changes/archive/2026-03-05-spider-ros-base-sim/specs) by extension 'ignore'
[0.332s] Level 1:colcon.colcon_core.package_identification:_identify(openspec/changes/archive/2026-03-05-spider-ros-base-sim/specs) by extension 'ignore_ament_install'
[0.332s] Level 1:colcon.colcon_core.package_identification:_identify(openspec/changes/archive/2026-03-05-spider-ros-base-sim/specs) by extensions ['colcon_pkg']
[0.332s] Level 1:colcon.colcon_core.package_identification:_identify(openspec/changes/archive/2026-03-05-spider-ros-base-sim/specs) by extension 'colcon_pkg'
[0.332s] Level 1:colcon.colcon_core.package_identification:_identify(openspec/changes/archive/2026-03-05-spider-ros-base-sim/specs) by extensions ['colcon_meta']
[0.332s] Level 1:colcon.colcon_core.package_identification:_identify(openspec/changes/archive/2026-03-05-spider-ros-base-sim/specs) by extension 'colcon_meta'
[0.333s] Level 1:colcon.colcon_core.package_identification:_identify(openspec/changes/archive/2026-03-05-spider-ros-base-sim/specs) by extensions ['ros']
[0.333s] Level 1:colcon.colcon_core.package_identification:_identify(openspec/changes/archive/2026-03-05-spider-ros-base-sim/specs) by extension 'ros'
[0.333s] Level 1:colcon.colcon_core.package_identification:_identify(openspec/changes/archive/2026-03-05-spider-ros-base-sim/specs) by extensions ['cmake', 'python']
[0.333s] Level 1:colcon.colcon_core.package_identification:_identify(openspec/changes/archive/2026-03-05-spider-ros-base-sim/specs) by extension 'cmake'
[0.333s] Level 1:colcon.colcon_core.package_identification:_identify(openspec/changes/archive/2026-03-05-spider-ros-base-sim/specs) by extension 'python'
[0.333s] Level 1:colcon.colcon_core.package_identification:_identify(openspec/changes/archive/2026-03-05-spider-ros-base-sim/specs) by extensions ['python_setup_py']
[0.333s] Level 1:colcon.colcon_core.package_identification:_identify(openspec/changes/archive/2026-03-05-spider-ros-base-sim/specs) by extension 'python_setup_py'
[0.333s] Level 1:colcon.colcon_core.package_identification:_identify(openspec/changes/archive/2026-03-05-spider-ros-base-sim/specs/robot-description) by extensions ['ignore', 'ignore_ament_install']
[0.333s] Level 1:colcon.colcon_core.package_identification:_identify(openspec/changes/archive/2026-03-05-spider-ros-base-sim/specs/robot-description) by extension 'ignore'
[0.333s] Level 1:colcon.colcon_core.package_identification:_identify(openspec/changes/archive/2026-03-05-spider-ros-base-sim/specs/robot-description) by extension 'ignore_ament_install'
[0.333s] Level 1:colcon.colcon_core.package_identification:_identify(openspec/changes/archive/2026-03-05-spider-ros-base-sim/specs/robot-description) by extensions ['colcon_pkg']
[0.333s] Level 1:colcon.colcon_core.package_identification:_identify(openspec/changes/archive/2026-03-05-spider-ros-base-sim/specs/robot-description) by extension 'colcon_pkg'
[0.333s] Level 1:colcon.colcon_core.package_identification:_identify(openspec/changes/archive/2026-03-05-spider-ros-base-sim/specs/robot-description) by extensions ['colcon_meta']
[0.333s] Level 1:colcon.colcon_core.package_identification:_identify(openspec/changes/archive/2026-03-05-spider-ros-base-sim/specs/robot-description) by extension 'colcon_meta'
[0.333s] Level 1:colcon.colcon_core.package_identification:_identify(openspec/changes/archive/2026-03-05-spider-ros-base-sim/specs/robot-description) by extensions ['ros']
[0.333s] Level 1:colcon.colcon_core.package_identification:_identify(openspec/changes/archive/2026-03-05-spider-ros-base-sim/specs/robot-description) by extension 'ros'
[0.333s] Level 1:colcon.colcon_core.package_identification:_identify(openspec/changes/archive/2026-03-05-spider-ros-base-sim/specs/robot-description) by extensions ['cmake', 'python']
[0.333s] Level 1:colcon.colcon_core.package_identification:_identify(openspec/changes/archive/2026-03-05-spider-ros-base-sim/specs/robot-description) by extension 'cmake'
[0.333s] Level 1:colcon.colcon_core.package_identification:_identify(openspec/changes/archive/2026-03-05-spider-ros-base-sim/specs/robot-description) by extension 'python'
[0.334s] Level 1:colcon.colcon_core.package_identification:_identify(openspec/changes/archive/2026-03-05-spider-ros-base-sim/specs/robot-description) by extensions ['python_setup_py']
[0.334s] Level 1:colcon.colcon_core.package_identification:_identify(openspec/changes/archive/2026-03-05-spider-ros-base-sim/specs/robot-description) by extension 'python_setup_py'
[0.334s] Level 1:colcon.colcon_core.package_identification:_identify(openspec/changes/archive/2026-03-05-spider-ros-base-sim/specs/ros2-control-config) by extensions ['ignore', 'ignore_ament_install']
[0.334s] Level 1:colcon.colcon_core.package_identification:_identify(openspec/changes/archive/2026-03-05-spider-ros-base-sim/specs/ros2-control-config) by extension 'ignore'
[0.334s] Level 1:colcon.colcon_core.package_identification:_identify(openspec/changes/archive/2026-03-05-spider-ros-base-sim/specs/ros2-control-config) by extension 'ignore_ament_install'
[0.334s] Level 1:colcon.colcon_core.package_identification:_identify(openspec/changes/archive/2026-03-05-spider-ros-base-sim/specs/ros2-control-config) by extensions ['colcon_pkg']
[0.334s] Level 1:colcon.colcon_core.package_identification:_identify(openspec/changes/archive/2026-03-05-spider-ros-base-sim/specs/ros2-control-config) by extension 'colcon_pkg'
[0.334s] Level 1:colcon.colcon_core.package_identification:_identify(openspec/changes/archive/2026-03-05-spider-ros-base-sim/specs/ros2-control-config) by extensions ['colcon_meta']
[0.334s] Level 1:colcon.colcon_core.package_identification:_identify(openspec/changes/archive/2026-03-05-spider-ros-base-sim/specs/ros2-control-config) by extension 'colcon_meta'
[0.334s] Level 1:colcon.colcon_core.package_identification:_identify(openspec/changes/archive/2026-03-05-spider-ros-base-sim/specs/ros2-control-config) by extensions ['ros']
[0.334s] Level 1:colcon.colcon_core.package_identification:_identify(openspec/changes/archive/2026-03-05-spider-ros-base-sim/specs/ros2-control-config) by extension 'ros'
[0.334s] Level 1:colcon.colcon_core.package_identification:_identify(openspec/changes/archive/2026-03-05-spider-ros-base-sim/specs/ros2-control-config) by extensions ['cmake', 'python']
[0.334s] Level 1:colcon.colcon_core.package_identification:_identify(openspec/changes/archive/2026-03-05-spider-ros-base-sim/specs/ros2-control-config) by extension 'cmake'
[0.334s] Level 1:colcon.colcon_core.package_identification:_identify(openspec/changes/archive/2026-03-05-spider-ros-base-sim/specs/ros2-control-config) by extension 'python'
[0.334s] Level 1:colcon.colcon_core.package_identification:_identify(openspec/changes/archive/2026-03-05-spider-ros-base-sim/specs/ros2-control-config) by extensions ['python_setup_py']
[0.334s] Level 1:colcon.colcon_core.package_identification:_identify(openspec/changes/archive/2026-03-05-spider-ros-base-sim/specs/ros2-control-config) by extension 'python_setup_py'
[0.334s] Level 1:colcon.colcon_core.package_identification:_identify(openspec/changes/archive/2026-03-05-spider-ros-base-sim/specs/simulation-launch) by extensions ['ignore', 'ignore_ament_install']
[0.335s] Level 1:colcon.colcon_core.package_identification:_identify(openspec/changes/archive/2026-03-05-spider-ros-base-sim/specs/simulation-launch) by extension 'ignore'
[0.335s] Level 1:colcon.colcon_core.package_identification:_identify(openspec/changes/archive/2026-03-05-spider-ros-base-sim/specs/simulation-launch) by extension 'ignore_ament_install'
[0.335s] Level 1:colcon.colcon_core.package_identification:_identify(openspec/changes/archive/2026-03-05-spider-ros-base-sim/specs/simulation-launch) by extensions ['colcon_pkg']
[0.335s] Level 1:colcon.colcon_core.package_identification:_identify(openspec/changes/archive/2026-03-05-spider-ros-base-sim/specs/simulation-launch) by extension 'colcon_pkg'
[0.335s] Level 1:colcon.colcon_core.package_identification:_identify(openspec/changes/archive/2026-03-05-spider-ros-base-sim/specs/simulation-launch) by extensions ['colcon_meta']
[0.335s] Level 1:colcon.colcon_core.package_identification:_identify(openspec/changes/archive/2026-03-05-spider-ros-base-sim/specs/simulation-launch) by extension 'colcon_meta'
[0.335s] Level 1:colcon.colcon_core.package_identification:_identify(openspec/changes/archive/2026-03-05-spider-ros-base-sim/specs/simulation-launch) by extensions ['ros']
[0.335s] Level 1:colcon.colcon_core.package_identification:_identify(openspec/changes/archive/2026-03-05-spider-ros-base-sim/specs/simulation-launch) by extension 'ros'
[0.335s] Level 1:colcon.colcon_core.package_identification:_identify(openspec/changes/archive/2026-03-05-spider-ros-base-sim/specs/simulation-launch) by extensions ['cmake', 'python']
[0.335s] Level 1:colcon.colcon_core.package_identification:_identify(openspec/changes/archive/2026-03-05-spider-ros-base-sim/specs/simulation-launch) by extension 'cmake'
[0.335s] Level 1:colcon.colcon_core.package_identification:_identify(openspec/changes/archive/2026-03-05-spider-ros-base-sim/specs/simulation-launch) by extension 'python'
[0.335s] Level 1:colcon.colcon_core.package_identification:_identify(openspec/changes/archive/2026-03-05-spider-ros-base-sim/specs/simulation-launch) by extensions ['python_setup_py']
[0.335s] Level 1:colcon.colcon_core.package_identification:_identify(openspec/changes/archive/2026-03-05-spider-ros-base-sim/specs/simulation-launch) by extension 'python_setup_py'
[0.335s] Level 1:colcon.colcon_core.package_identification:_identify(openspec/changes/hito-3-ik-gait-node) by extensions ['ignore', 'ignore_ament_install']
[0.336s] Level 1:colcon.colcon_core.package_identification:_identify(openspec/changes/hito-3-ik-gait-node) by extension 'ignore'
[0.336s] Level 1:colcon.colcon_core.package_identification:_identify(openspec/changes/hito-3-ik-gait-node) by extension 'ignore_ament_install'
[0.336s] Level 1:colcon.colcon_core.package_identification:_identify(openspec/changes/hito-3-ik-gait-node) by extensions ['colcon_pkg']
[0.336s] Level 1:colcon.colcon_core.package_identification:_identify(openspec/changes/hito-3-ik-gait-node) by extension 'colcon_pkg'
[0.336s] Level 1:colcon.colcon_core.package_identification:_identify(openspec/changes/hito-3-ik-gait-node) by extensions ['colcon_meta']
[0.336s] Level 1:colcon.colcon_core.package_identification:_identify(openspec/changes/hito-3-ik-gait-node) by extension 'colcon_meta'
[0.336s] Level 1:colcon.colcon_core.package_identification:_identify(openspec/changes/hito-3-ik-gait-node) by extensions ['ros']
[0.336s] Level 1:colcon.colcon_core.package_identification:_identify(openspec/changes/hito-3-ik-gait-node) by extension 'ros'
[0.336s] Level 1:colcon.colcon_core.package_identification:_identify(openspec/changes/hito-3-ik-gait-node) by extensions ['cmake', 'python']
[0.336s] Level 1:colcon.colcon_core.package_identification:_identify(openspec/changes/hito-3-ik-gait-node) by extension 'cmake'
[0.336s] Level 1:colcon.colcon_core.package_identification:_identify(openspec/changes/hito-3-ik-gait-node) by extension 'python'
[0.336s] Level 1:colcon.colcon_core.package_identification:_identify(openspec/changes/hito-3-ik-gait-node) by extensions ['python_setup_py']
[0.336s] Level 1:colcon.colcon_core.package_identification:_identify(openspec/changes/hito-3-ik-gait-node) by extension 'python_setup_py'
[0.336s] Level 1:colcon.colcon_core.package_identification:_identify(openspec/changes/hito-3-ik-gait-node/specs) by extensions ['ignore', 'ignore_ament_install']
[0.336s] Level 1:colcon.colcon_core.package_identification:_identify(openspec/changes/hito-3-ik-gait-node/specs) by extension 'ignore'
[0.337s] Level 1:colcon.colcon_core.package_identification:_identify(openspec/changes/hito-3-ik-gait-node/specs) by extension 'ignore_ament_install'
[0.337s] Level 1:colcon.colcon_core.package_identification:_identify(openspec/changes/hito-3-ik-gait-node/specs) by extensions ['colcon_pkg']
[0.337s] Level 1:colcon.colcon_core.package_identification:_identify(openspec/changes/hito-3-ik-gait-node/specs) by extension 'colcon_pkg'
[0.337s] Level 1:colcon.colcon_core.package_identification:_identify(openspec/changes/hito-3-ik-gait-node/specs) by extensions ['colcon_meta']
[0.337s] Level 1:colcon.colcon_core.package_identification:_identify(openspec/changes/hito-3-ik-gait-node/specs) by extension 'colcon_meta'
[0.337s] Level 1:colcon.colcon_core.package_identification:_identify(openspec/changes/hito-3-ik-gait-node/specs) by extensions ['ros']
[0.337s] Level 1:colcon.colcon_core.package_identification:_identify(openspec/changes/hito-3-ik-gait-node/specs) by extension 'ros'
[0.337s] Level 1:colcon.colcon_core.package_identification:_identify(openspec/changes/hito-3-ik-gait-node/specs) by extensions ['cmake', 'python']
[0.337s] Level 1:colcon.colcon_core.package_identification:_identify(openspec/changes/hito-3-ik-gait-node/specs) by extension 'cmake'
[0.337s] Level 1:colcon.colcon_core.package_identification:_identify(openspec/changes/hito-3-ik-gait-node/specs) by extension 'python'
[0.337s] Level 1:colcon.colcon_core.package_identification:_identify(openspec/changes/hito-3-ik-gait-node/specs) by extensions ['python_setup_py']
[0.337s] Level 1:colcon.colcon_core.package_identification:_identify(openspec/changes/hito-3-ik-gait-node/specs) by extension 'python_setup_py'
[0.337s] Level 1:colcon.colcon_core.package_identification:_identify(openspec/changes/hito-3-ik-gait-node/specs/gait-generation) by extensions ['ignore', 'ignore_ament_install']
[0.337s] Level 1:colcon.colcon_core.package_identification:_identify(openspec/changes/hito-3-ik-gait-node/specs/gait-generation) by extension 'ignore'
[0.338s] Level 1:colcon.colcon_core.package_identification:_identify(openspec/changes/hito-3-ik-gait-node/specs/gait-generation) by extension 'ignore_ament_install'
[0.338s] Level 1:colcon.colcon_core.package_identification:_identify(openspec/changes/hito-3-ik-gait-node/specs/gait-generation) by extensions ['colcon_pkg']
[0.338s] Level 1:colcon.colcon_core.package_identification:_identify(openspec/changes/hito-3-ik-gait-node/specs/gait-generation) by extension 'colcon_pkg'
[0.338s] Level 1:colcon.colcon_core.package_identification:_identify(openspec/changes/hito-3-ik-gait-node/specs/gait-generation) by extensions ['colcon_meta']
[0.338s] Level 1:colcon.colcon_core.package_identification:_identify(openspec/changes/hito-3-ik-gait-node/specs/gait-generation) by extension 'colcon_meta'
[0.338s] Level 1:colcon.colcon_core.package_identification:_identify(openspec/changes/hito-3-ik-gait-node/specs/gait-generation) by extensions ['ros']
[0.338s] Level 1:colcon.colcon_core.package_identification:_identify(openspec/changes/hito-3-ik-gait-node/specs/gait-generation) by extension 'ros'
[0.338s] Level 1:colcon.colcon_core.package_identification:_identify(openspec/changes/hito-3-ik-gait-node/specs/gait-generation) by extensions ['cmake', 'python']
[0.338s] Level 1:colcon.colcon_core.package_identification:_identify(openspec/changes/hito-3-ik-gait-node/specs/gait-generation) by extension 'cmake'
[0.338s] Level 1:colcon.colcon_core.package_identification:_identify(openspec/changes/hito-3-ik-gait-node/specs/gait-generation) by extension 'python'
[0.338s] Level 1:colcon.colcon_core.package_identification:_identify(openspec/changes/hito-3-ik-gait-node/specs/gait-generation) by extensions ['python_setup_py']
[0.338s] Level 1:colcon.colcon_core.package_identification:_identify(openspec/changes/hito-3-ik-gait-node/specs/gait-generation) by extension 'python_setup_py'
[0.338s] Level 1:colcon.colcon_core.package_identification:_identify(openspec/changes/hito-3-ik-gait-node/specs/ik-gait-node) by extensions ['ignore', 'ignore_ament_install']
[0.339s] Level 1:colcon.colcon_core.package_identification:_identify(openspec/changes/hito-3-ik-gait-node/specs/ik-gait-node) by extension 'ignore'
[0.339s] Level 1:colcon.colcon_core.package_identification:_identify(openspec/changes/hito-3-ik-gait-node/specs/ik-gait-node) by extension 'ignore_ament_install'
[0.339s] Level 1:colcon.colcon_core.package_identification:_identify(openspec/changes/hito-3-ik-gait-node/specs/ik-gait-node) by extensions ['colcon_pkg']
[0.339s] Level 1:colcon.colcon_core.package_identification:_identify(openspec/changes/hito-3-ik-gait-node/specs/ik-gait-node) by extension 'colcon_pkg'
[0.339s] Level 1:colcon.colcon_core.package_identification:_identify(openspec/changes/hito-3-ik-gait-node/specs/ik-gait-node) by extensions ['colcon_meta']
[0.339s] Level 1:colcon.colcon_core.package_identification:_identify(openspec/changes/hito-3-ik-gait-node/specs/ik-gait-node) by extension 'colcon_meta'
[0.339s] Level 1:colcon.colcon_core.package_identification:_identify(openspec/changes/hito-3-ik-gait-node/specs/ik-gait-node) by extensions ['ros']
[0.339s] Level 1:colcon.colcon_core.package_identification:_identify(openspec/changes/hito-3-ik-gait-node/specs/ik-gait-node) by extension 'ros'
[0.339s] Level 1:colcon.colcon_core.package_identification:_identify(openspec/changes/hito-3-ik-gait-node/specs/ik-gait-node) by extensions ['cmake', 'python']
[0.339s] Level 1:colcon.colcon_core.package_identification:_identify(openspec/changes/hito-3-ik-gait-node/specs/ik-gait-node) by extension 'cmake'
[0.339s] Level 1:colcon.colcon_core.package_identification:_identify(openspec/changes/hito-3-ik-gait-node/specs/ik-gait-node) by extension 'python'
[0.339s] Level 1:colcon.colcon_core.package_identification:_identify(openspec/changes/hito-3-ik-gait-node/specs/ik-gait-node) by extensions ['python_setup_py']
[0.339s] Level 1:colcon.colcon_core.package_identification:_identify(openspec/changes/hito-3-ik-gait-node/specs/ik-gait-node) by extension 'python_setup_py'
[0.340s] Level 1:colcon.colcon_core.package_identification:_identify(openspec/changes/hito-3-ik-gait-node/specs/inverse-kinematics) by extensions ['ignore', 'ignore_ament_install']
[0.340s] Level 1:colcon.colcon_core.package_identification:_identify(openspec/changes/hito-3-ik-gait-node/specs/inverse-kinematics) by extension 'ignore'
[0.340s] Level 1:colcon.colcon_core.package_identification:_identify(openspec/changes/hito-3-ik-gait-node/specs/inverse-kinematics) by extension 'ignore_ament_install'
[0.340s] Level 1:colcon.colcon_core.package_identification:_identify(openspec/changes/hito-3-ik-gait-node/specs/inverse-kinematics) by extensions ['colcon_pkg']
[0.340s] Level 1:colcon.colcon_core.package_identification:_identify(openspec/changes/hito-3-ik-gait-node/specs/inverse-kinematics) by extension 'colcon_pkg'
[0.340s] Level 1:colcon.colcon_core.package_identification:_identify(openspec/changes/hito-3-ik-gait-node/specs/inverse-kinematics) by extensions ['colcon_meta']
[0.340s] Level 1:colcon.colcon_core.package_identification:_identify(openspec/changes/hito-3-ik-gait-node/specs/inverse-kinematics) by extension 'colcon_meta'
[0.340s] Level 1:colcon.colcon_core.package_identification:_identify(openspec/changes/hito-3-ik-gait-node/specs/inverse-kinematics) by extensions ['ros']
[0.340s] Level 1:colcon.colcon_core.package_identification:_identify(openspec/changes/hito-3-ik-gait-node/specs/inverse-kinematics) by extension 'ros'
[0.340s] Level 1:colcon.colcon_core.package_identification:_identify(openspec/changes/hito-3-ik-gait-node/specs/inverse-kinematics) by extensions ['cmake', 'python']
[0.340s] Level 1:colcon.colcon_core.package_identification:_identify(openspec/changes/hito-3-ik-gait-node/specs/inverse-kinematics) by extension 'cmake'
[0.340s] Level 1:colcon.colcon_core.package_identification:_identify(openspec/changes/hito-3-ik-gait-node/specs/inverse-kinematics) by extension 'python'
[0.340s] Level 1:colcon.colcon_core.package_identification:_identify(openspec/changes/hito-3-ik-gait-node/specs/inverse-kinematics) by extensions ['python_setup_py']
[0.340s] Level 1:colcon.colcon_core.package_identification:_identify(openspec/changes/hito-3-ik-gait-node/specs/inverse-kinematics) by extension 'python_setup_py'
[0.341s] Level 1:colcon.colcon_core.package_identification:_identify(openspec/changes/hito-3-ik-gait-node/specs/joint-position-control) by extensions ['ignore', 'ignore_ament_install']
[0.341s] Level 1:colcon.colcon_core.package_identification:_identify(openspec/changes/hito-3-ik-gait-node/specs/joint-position-control) by extension 'ignore'
[0.341s] Level 1:colcon.colcon_core.package_identification:_identify(openspec/changes/hito-3-ik-gait-node/specs/joint-position-control) by extension 'ignore_ament_install'
[0.341s] Level 1:colcon.colcon_core.package_identification:_identify(openspec/changes/hito-3-ik-gait-node/specs/joint-position-control) by extensions ['colcon_pkg']
[0.341s] Level 1:colcon.colcon_core.package_identification:_identify(openspec/changes/hito-3-ik-gait-node/specs/joint-position-control) by extension 'colcon_pkg'
[0.341s] Level 1:colcon.colcon_core.package_identification:_identify(openspec/changes/hito-3-ik-gait-node/specs/joint-position-control) by extensions ['colcon_meta']
[0.341s] Level 1:colcon.colcon_core.package_identification:_identify(openspec/changes/hito-3-ik-gait-node/specs/joint-position-control) by extension 'colcon_meta'
[0.341s] Level 1:colcon.colcon_core.package_identification:_identify(openspec/changes/hito-3-ik-gait-node/specs/joint-position-control) by extensions ['ros']
[0.341s] Level 1:colcon.colcon_core.package_identification:_identify(openspec/changes/hito-3-ik-gait-node/specs/joint-position-control) by extension 'ros'
[0.341s] Level 1:colcon.colcon_core.package_identification:_identify(openspec/changes/hito-3-ik-gait-node/specs/joint-position-control) by extensions ['cmake', 'python']
[0.341s] Level 1:colcon.colcon_core.package_identification:_identify(openspec/changes/hito-3-ik-gait-node/specs/joint-position-control) by extension 'cmake'
[0.341s] Level 1:colcon.colcon_core.package_identification:_identify(openspec/changes/hito-3-ik-gait-node/specs/joint-position-control) by extension 'python'
[0.341s] Level 1:colcon.colcon_core.package_identification:_identify(openspec/changes/hito-3-ik-gait-node/specs/joint-position-control) by extensions ['python_setup_py']
[0.341s] Level 1:colcon.colcon_core.package_identification:_identify(openspec/changes/hito-3-ik-gait-node/specs/joint-position-control) by extension 'python_setup_py'
[0.342s] Level 1:colcon.colcon_core.package_identification:_identify(openspec/specs) by extensions ['ignore', 'ignore_ament_install']
[0.342s] Level 1:colcon.colcon_core.package_identification:_identify(openspec/specs) by extension 'ignore'
[0.342s] Level 1:colcon.colcon_core.package_identification:_identify(openspec/specs) by extension 'ignore_ament_install'
[0.342s] Level 1:colcon.colcon_core.package_identification:_identify(openspec/specs) by extensions ['colcon_pkg']
[0.342s] Level 1:colcon.colcon_core.package_identification:_identify(openspec/specs) by extension 'colcon_pkg'
[0.342s] Level 1:colcon.colcon_core.package_identification:_identify(openspec/specs) by extensions ['colcon_meta']
[0.342s] Level 1:colcon.colcon_core.package_identification:_identify(openspec/specs) by extension 'colcon_meta'
[0.342s] Level 1:colcon.colcon_core.package_identification:_identify(openspec/specs) by extensions ['ros']
[0.342s] Level 1:colcon.colcon_core.package_identification:_identify(openspec/specs) by extension 'ros'
[0.342s] Level 1:colcon.colcon_core.package_identification:_identify(openspec/specs) by extensions ['cmake', 'python']
[0.342s] Level 1:colcon.colcon_core.package_identification:_identify(openspec/specs) by extension 'cmake'
[0.343s] Level 1:colcon.colcon_core.package_identification:_identify(openspec/specs) by extension 'python'
[0.343s] Level 1:colcon.colcon_core.package_identification:_identify(openspec/specs) by extensions ['python_setup_py']
[0.343s] Level 1:colcon.colcon_core.package_identification:_identify(openspec/specs) by extension 'python_setup_py'
[0.343s] Level 1:colcon.colcon_core.package_identification:_identify(openspec/specs/joint-position-control) by extensions ['ignore', 'ignore_ament_install']
[0.343s] Level 1:colcon.colcon_core.package_identification:_identify(openspec/specs/joint-position-control) by extension 'ignore'
[0.343s] Level 1:colcon.colcon_core.package_identification:_identify(openspec/specs/joint-position-control) by extension 'ignore_ament_install'
[0.343s] Level 1:colcon.colcon_core.package_identification:_identify(openspec/specs/joint-position-control) by extensions ['colcon_pkg']
[0.343s] Level 1:colcon.colcon_core.package_identification:_identify(openspec/specs/joint-position-control) by extension 'colcon_pkg'
[0.343s] Level 1:colcon.colcon_core.package_identification:_identify(openspec/specs/joint-position-control) by extensions ['colcon_meta']
[0.343s] Level 1:colcon.colcon_core.package_identification:_identify(openspec/specs/joint-position-control) by extension 'colcon_meta'
[0.343s] Level 1:colcon.colcon_core.package_identification:_identify(openspec/specs/joint-position-control) by extensions ['ros']
[0.344s] Level 1:colcon.colcon_core.package_identification:_identify(openspec/specs/joint-position-control) by extension 'ros'
[0.344s] Level 1:colcon.colcon_core.package_identification:_identify(openspec/specs/joint-position-control) by extensions ['cmake', 'python']
[0.344s] Level 1:colcon.colcon_core.package_identification:_identify(openspec/specs/joint-position-control) by extension 'cmake'
[0.344s] Level 1:colcon.colcon_core.package_identification:_identify(openspec/specs/joint-position-control) by extension 'python'
[0.344s] Level 1:colcon.colcon_core.package_identification:_identify(openspec/specs/joint-position-control) by extensions ['python_setup_py']
[0.344s] Level 1:colcon.colcon_core.package_identification:_identify(openspec/specs/joint-position-control) by extension 'python_setup_py'
[0.344s] Level 1:colcon.colcon_core.package_identification:_identify(openspec/specs/keyboard-teleop) by extensions ['ignore', 'ignore_ament_install']
[0.344s] Level 1:colcon.colcon_core.package_identification:_identify(openspec/specs/keyboard-teleop) by extension 'ignore'
[0.344s] Level 1:colcon.colcon_core.package_identification:_identify(openspec/specs/keyboard-teleop) by extension 'ignore_ament_install'
[0.345s] Level 1:colcon.colcon_core.package_identification:_identify(openspec/specs/keyboard-teleop) by extensions ['colcon_pkg']
[0.345s] Level 1:colcon.colcon_core.package_identification:_identify(openspec/specs/keyboard-teleop) by extension 'colcon_pkg'
[0.345s] Level 1:colcon.colcon_core.package_identification:_identify(openspec/specs/keyboard-teleop) by extensions ['colcon_meta']
[0.345s] Level 1:colcon.colcon_core.package_identification:_identify(openspec/specs/keyboard-teleop) by extension 'colcon_meta'
[0.345s] Level 1:colcon.colcon_core.package_identification:_identify(openspec/specs/keyboard-teleop) by extensions ['ros']
[0.345s] Level 1:colcon.colcon_core.package_identification:_identify(openspec/specs/keyboard-teleop) by extension 'ros'
[0.345s] Level 1:colcon.colcon_core.package_identification:_identify(openspec/specs/keyboard-teleop) by extensions ['cmake', 'python']
[0.345s] Level 1:colcon.colcon_core.package_identification:_identify(openspec/specs/keyboard-teleop) by extension 'cmake'
[0.345s] Level 1:colcon.colcon_core.package_identification:_identify(openspec/specs/keyboard-teleop) by extension 'python'
[0.345s] Level 1:colcon.colcon_core.package_identification:_identify(openspec/specs/keyboard-teleop) by extensions ['python_setup_py']
[0.345s] Level 1:colcon.colcon_core.package_identification:_identify(openspec/specs/keyboard-teleop) by extension 'python_setup_py'
[0.346s] Level 1:colcon.colcon_core.package_identification:_identify(openspec/specs/robot-description) by extensions ['ignore', 'ignore_ament_install']
[0.346s] Level 1:colcon.colcon_core.package_identification:_identify(openspec/specs/robot-description) by extension 'ignore'
[0.346s] Level 1:colcon.colcon_core.package_identification:_identify(openspec/specs/robot-description) by extension 'ignore_ament_install'
[0.346s] Level 1:colcon.colcon_core.package_identification:_identify(openspec/specs/robot-description) by extensions ['colcon_pkg']
[0.346s] Level 1:colcon.colcon_core.package_identification:_identify(openspec/specs/robot-description) by extension 'colcon_pkg'
[0.346s] Level 1:colcon.colcon_core.package_identification:_identify(openspec/specs/robot-description) by extensions ['colcon_meta']
[0.346s] Level 1:colcon.colcon_core.package_identification:_identify(openspec/specs/robot-description) by extension 'colcon_meta'
[0.346s] Level 1:colcon.colcon_core.package_identification:_identify(openspec/specs/robot-description) by extensions ['ros']
[0.347s] Level 1:colcon.colcon_core.package_identification:_identify(openspec/specs/robot-description) by extension 'ros'
[0.347s] Level 1:colcon.colcon_core.package_identification:_identify(openspec/specs/robot-description) by extensions ['cmake', 'python']
[0.347s] Level 1:colcon.colcon_core.package_identification:_identify(openspec/specs/robot-description) by extension 'cmake'
[0.347s] Level 1:colcon.colcon_core.package_identification:_identify(openspec/specs/robot-description) by extension 'python'
[0.347s] Level 1:colcon.colcon_core.package_identification:_identify(openspec/specs/robot-description) by extensions ['python_setup_py']
[0.347s] Level 1:colcon.colcon_core.package_identification:_identify(openspec/specs/robot-description) by extension 'python_setup_py'
[0.347s] Level 1:colcon.colcon_core.package_identification:_identify(openspec/specs/ros2-control-config) by extensions ['ignore', 'ignore_ament_install']
[0.348s] Level 1:colcon.colcon_core.package_identification:_identify(openspec/specs/ros2-control-config) by extension 'ignore'
[0.348s] Level 1:colcon.colcon_core.package_identification:_identify(openspec/specs/ros2-control-config) by extension 'ignore_ament_install'
[0.348s] Level 1:colcon.colcon_core.package_identification:_identify(openspec/specs/ros2-control-config) by extensions ['colcon_pkg']
[0.348s] Level 1:colcon.colcon_core.package_identification:_identify(openspec/specs/ros2-control-config) by extension 'colcon_pkg'
[0.348s] Level 1:colcon.colcon_core.package_identification:_identify(openspec/specs/ros2-control-config) by extensions ['colcon_meta']
[0.348s] Level 1:colcon.colcon_core.package_identification:_identify(openspec/specs/ros2-control-config) by extension 'colcon_meta'
[0.348s] Level 1:colcon.colcon_core.package_identification:_identify(openspec/specs/ros2-control-config) by extensions ['ros']
[0.348s] Level 1:colcon.colcon_core.package_identification:_identify(openspec/specs/ros2-control-config) by extension 'ros'
[0.349s] Level 1:colcon.colcon_core.package_identification:_identify(openspec/specs/ros2-control-config) by extensions ['cmake', 'python']
[0.349s] Level 1:colcon.colcon_core.package_identification:_identify(openspec/specs/ros2-control-config) by extension 'cmake'
[0.349s] Level 1:colcon.colcon_core.package_identification:_identify(openspec/specs/ros2-control-config) by extension 'python'
[0.349s] Level 1:colcon.colcon_core.package_identification:_identify(openspec/specs/ros2-control-config) by extensions ['python_setup_py']
[0.349s] Level 1:colcon.colcon_core.package_identification:_identify(openspec/specs/ros2-control-config) by extension 'python_setup_py'
[0.349s] Level 1:colcon.colcon_core.package_identification:_identify(openspec/specs/simulation-launch) by extensions ['ignore', 'ignore_ament_install']
[0.349s] Level 1:colcon.colcon_core.package_identification:_identify(openspec/specs/simulation-launch) by extension 'ignore'
[0.350s] Level 1:colcon.colcon_core.package_identification:_identify(openspec/specs/simulation-launch) by extension 'ignore_ament_install'
[0.350s] Level 1:colcon.colcon_core.package_identification:_identify(openspec/specs/simulation-launch) by extensions ['colcon_pkg']
[0.350s] Level 1:colcon.colcon_core.package_identification:_identify(openspec/specs/simulation-launch) by extension 'colcon_pkg'
[0.350s] Level 1:colcon.colcon_core.package_identification:_identify(openspec/specs/simulation-launch) by extensions ['colcon_meta']
[0.350s] Level 1:colcon.colcon_core.package_identification:_identify(openspec/specs/simulation-launch) by extension 'colcon_meta'
[0.350s] Level 1:colcon.colcon_core.package_identification:_identify(openspec/specs/simulation-launch) by extensions ['ros']
[0.350s] Level 1:colcon.colcon_core.package_identification:_identify(openspec/specs/simulation-launch) by extension 'ros'
[0.351s] Level 1:colcon.colcon_core.package_identification:_identify(openspec/specs/simulation-launch) by extensions ['cmake', 'python']
[0.351s] Level 1:colcon.colcon_core.package_identification:_identify(openspec/specs/simulation-launch) by extension 'cmake'
[0.351s] Level 1:colcon.colcon_core.package_identification:_identify(openspec/specs/simulation-launch) by extension 'python'
[0.351s] Level 1:colcon.colcon_core.package_identification:_identify(openspec/specs/simulation-launch) by extensions ['python_setup_py']
[0.351s] Level 1:colcon.colcon_core.package_identification:_identify(openspec/specs/simulation-launch) by extension 'python_setup_py'
[0.351s] Level 1:colcon.colcon_core.package_identification:_identify(spider_description) by extensions ['ignore', 'ignore_ament_install']
[0.352s] Level 1:colcon.colcon_core.package_identification:_identify(spider_description) by extension 'ignore'
[0.352s] Level 1:colcon.colcon_core.package_identification:_identify(spider_description) by extension 'ignore_ament_install'
[0.352s] Level 1:colcon.colcon_core.package_identification:_identify(spider_description) by extensions ['colcon_pkg']
[0.352s] Level 1:colcon.colcon_core.package_identification:_identify(spider_description) by extension 'colcon_pkg'
[0.352s] Level 1:colcon.colcon_core.package_identification:_identify(spider_description) by extensions ['colcon_meta']
[0.353s] Level 1:colcon.colcon_core.package_identification:_identify(spider_description) by extension 'colcon_meta'
[0.353s] Level 1:colcon.colcon_core.package_identification:_identify(spider_description) by extensions ['ros']
[0.353s] Level 1:colcon.colcon_core.package_identification:_identify(spider_description) by extension 'ros'
[0.365s] DEBUG:colcon.colcon_core.package_identification:Package 'spider_description' with type 'ros.ament_cmake' and name 'spider_description'
[0.365s] Level 1:colcon.colcon_core.package_discovery:discover_packages(recursive) using defaults
[0.366s] Level 1:colcon.colcon_core.package_discovery:discover_packages(ignore) discover
[0.366s] Level 1:colcon.colcon_core.package_discovery:discover_packages(ignore) using defaults
[0.366s] Level 1:colcon.colcon_core.package_discovery:discover_packages(path) discover
[0.366s] Level 1:colcon.colcon_core.package_discovery:discover_packages(path) using defaults
[0.466s] Level 1:colcon.colcon_core.package_discovery:discover_packages(prefix_path) check parameters
[0.466s] Level 1:colcon.colcon_core.package_discovery:discover_packages(prefix_path) discover
[0.473s] DEBUG:colcon.colcon_installed_package_information.package_discovery:Found 1 installed packages in /home/maki/Desktop/GitHub/SpiderRos/install
[0.478s] DEBUG:colcon.colcon_installed_package_information.package_discovery:Found 356 installed packages in /opt/ros/humble
[0.503s] Level 1:colcon.colcon_core.package_discovery:discover_packages(prefix_path) using defaults
[0.557s] Level 5:colcon.colcon_core.verb:set package 'spider_description' build argument 'cmake_args' from command line to 'None'
[0.557s] Level 5:colcon.colcon_core.verb:set package 'spider_description' build argument 'cmake_target' from command line to 'None'
[0.557s] Level 5:colcon.colcon_core.verb:set package 'spider_description' build argument 'cmake_target_skip_unavailable' from command line to 'False'
[0.557s] Level 5:colcon.colcon_core.verb:set package 'spider_description' build argument 'cmake_clean_cache' from command line to 'False'
[0.557s] Level 5:colcon.colcon_core.verb:set package 'spider_description' build argument 'cmake_clean_first' from command line to 'False'
[0.557s] Level 5:colcon.colcon_core.verb:set package 'spider_description' build argument 'cmake_force_configure' from command line to 'False'
[0.557s] Level 5:colcon.colcon_core.verb:set package 'spider_description' build argument 'ament_cmake_args' from command line to 'None'
[0.557s] Level 5:colcon.colcon_core.verb:set package 'spider_description' build argument 'catkin_cmake_args' from command line to 'None'
[0.557s] Level 5:colcon.colcon_core.verb:set package 'spider_description' build argument 'catkin_skip_building_tests' from command line to 'False'
[0.557s] DEBUG:colcon.colcon_core.verb:Building package 'spider_description' with the following arguments: {'ament_cmake_args': None, 'build_base': '/home/maki/Desktop/GitHub/SpiderRos/build/spider_description', 'catkin_cmake_args': None, 'catkin_skip_building_tests': False, 'cmake_args': None, 'cmake_clean_cache': False, 'cmake_clean_first': False, 'cmake_force_configure': False, 'cmake_target': None, 'cmake_target_skip_unavailable': False, 'install_base': '/home/maki/Desktop/GitHub/SpiderRos/install/spider_description', 'merge_install': False, 'path': '/home/maki/Desktop/GitHub/SpiderRos/spider_description', 'symlink_install': False, 'test_result_base': None}
[0.557s] INFO:colcon.colcon_core.executor:Executing jobs using 'parallel' executor
[0.558s] DEBUG:colcon.colcon_parallel_executor.executor.parallel:run_until_complete
[0.559s] INFO:colcon.colcon_ros.task.ament_cmake.build:Building ROS package in '/home/maki/Desktop/GitHub/SpiderRos/spider_description' with build type 'ament_cmake'
[0.559s] INFO:colcon.colcon_cmake.task.cmake.build:Building CMake package in '/home/maki/Desktop/GitHub/SpiderRos/spider_description'
[0.561s] INFO:colcon.colcon_core.plugin_system:Skipping extension 'colcon_core.shell.bat': Not used on non-Windows systems
[0.561s] INFO:colcon.colcon_core.shell:Skip shell extension 'powershell' for command environment: Not usable outside of PowerShell
[0.561s] DEBUG:colcon.colcon_core.shell:Skip shell extension 'dsv' for command environment
[0.589s] DEBUG:colcon.colcon_core.event_handler.log_command:Invoking command in '/home/maki/Desktop/GitHub/SpiderRos/build/spider_description': CMAKE_PREFIX_PATH=${CMAKE_PREFIX_PATH}:/opt/ros/humble /usr/bin/cmake --build /home/maki/Desktop/GitHub/SpiderRos/build/spider_description -- -j16 -l16
[0.760s] DEBUG:colcon.colcon_core.event_handler.log_command:Invoked command in '/home/maki/Desktop/GitHub/SpiderRos/build/spider_description' returned '0': CMAKE_PREFIX_PATH=${CMAKE_PREFIX_PATH}:/opt/ros/humble /usr/bin/cmake --build /home/maki/Desktop/GitHub/SpiderRos/build/spider_description -- -j16 -l16
[0.811s] DEBUG:colcon.colcon_core.event_handler.log_command:Invoking command in '/home/maki/Desktop/GitHub/SpiderRos/build/spider_description': CMAKE_PREFIX_PATH=${CMAKE_PREFIX_PATH}:/opt/ros/humble /usr/bin/cmake --install /home/maki/Desktop/GitHub/SpiderRos/build/spider_description
[0.855s] Level 1:colcon.colcon_core.environment:create_environment_scripts_only(spider_description)
[0.857s] DEBUG:colcon.colcon_core.event_handler.log_command:Invoked command in '/home/maki/Desktop/GitHub/SpiderRos/build/spider_description' returned '0': CMAKE_PREFIX_PATH=${CMAKE_PREFIX_PATH}:/opt/ros/humble /usr/bin/cmake --install /home/maki/Desktop/GitHub/SpiderRos/build/spider_description
[0.869s] Level 1:colcon.colcon_core.environment:checking '/home/maki/Desktop/GitHub/SpiderRos/install/spider_description' for CMake module files
[0.871s] Level 1:colcon.colcon_core.environment:checking '/home/maki/Desktop/GitHub/SpiderRos/install/spider_description' for CMake config files
[0.872s] Level 1:colcon.colcon_core.shell:create_environment_hook('spider_description', 'cmake_prefix_path')
[0.873s] INFO:colcon.colcon_core.shell:Creating environment hook '/home/maki/Desktop/GitHub/SpiderRos/install/spider_description/share/spider_description/hook/cmake_prefix_path.ps1'
[0.876s] INFO:colcon.colcon_core.shell:Creating environment descriptor '/home/maki/Desktop/GitHub/SpiderRos/install/spider_description/share/spider_description/hook/cmake_prefix_path.dsv'
[0.878s] INFO:colcon.colcon_core.shell:Creating environment hook '/home/maki/Desktop/GitHub/SpiderRos/install/spider_description/share/spider_description/hook/cmake_prefix_path.sh'
[0.883s] Level 1:colcon.colcon_core.environment:checking '/home/maki/Desktop/GitHub/SpiderRos/install/spider_description/lib'
[0.885s] Level 1:colcon.colcon_core.environment:checking '/home/maki/Desktop/GitHub/SpiderRos/install/spider_description/bin'
[0.886s] Level 1:colcon.colcon_core.environment:checking '/home/maki/Desktop/GitHub/SpiderRos/install/spider_description/lib/pkgconfig/spider_description.pc'
[0.887s] Level 1:colcon.colcon_core.environment:checking '/home/maki/Desktop/GitHub/SpiderRos/install/spider_description/lib/python3.10/site-packages'
[0.889s] Level 1:colcon.colcon_core.environment:checking '/home/maki/Desktop/GitHub/SpiderRos/install/spider_description/bin'
[0.892s] INFO:colcon.colcon_core.shell:Creating package script '/home/maki/Desktop/GitHub/SpiderRos/install/spider_description/share/spider_description/package.ps1'
[0.896s] INFO:colcon.colcon_core.shell:Creating package descriptor '/home/maki/Desktop/GitHub/SpiderRos/install/spider_description/share/spider_description/package.dsv'
[0.901s] INFO:colcon.colcon_core.shell:Creating package script '/home/maki/Desktop/GitHub/SpiderRos/install/spider_description/share/spider_description/package.sh'
[0.906s] INFO:colcon.colcon_core.shell:Creating package script '/home/maki/Desktop/GitHub/SpiderRos/install/spider_description/share/spider_description/package.bash'
[0.909s] INFO:colcon.colcon_core.shell:Creating package script '/home/maki/Desktop/GitHub/SpiderRos/install/spider_description/share/spider_description/package.zsh'
[0.912s] Level 1:colcon.colcon_core.environment:create_file_with_runtime_dependencies(/home/maki/Desktop/GitHub/SpiderRos/install/spider_description/share/colcon-core/packages/spider_description)
[0.916s] Level 1:colcon.colcon_core.environment:create_environment_scripts_only(spider_description)
[0.917s] Level 1:colcon.colcon_core.environment:checking '/home/maki/Desktop/GitHub/SpiderRos/install/spider_description' for CMake module files
[0.919s] Level 1:colcon.colcon_core.environment:checking '/home/maki/Desktop/GitHub/SpiderRos/install/spider_description' for CMake config files
[0.920s] Level 1:colcon.colcon_core.shell:create_environment_hook('spider_description', 'cmake_prefix_path')
[0.921s] INFO:colcon.colcon_core.shell:Creating environment hook '/home/maki/Desktop/GitHub/SpiderRos/install/spider_description/share/spider_description/hook/cmake_prefix_path.ps1'
[0.923s] INFO:colcon.colcon_core.shell:Creating environment descriptor '/home/maki/Desktop/GitHub/SpiderRos/install/spider_description/share/spider_description/hook/cmake_prefix_path.dsv'
[0.925s] INFO:colcon.colcon_core.shell:Creating environment hook '/home/maki/Desktop/GitHub/SpiderRos/install/spider_description/share/spider_description/hook/cmake_prefix_path.sh'
[0.928s] Level 1:colcon.colcon_core.environment:checking '/home/maki/Desktop/GitHub/SpiderRos/install/spider_description/lib'
[0.928s] Level 1:colcon.colcon_core.environment:checking '/home/maki/Desktop/GitHub/SpiderRos/install/spider_description/bin'
[0.928s] Level 1:colcon.colcon_core.environment:checking '/home/maki/Desktop/GitHub/SpiderRos/install/spider_description/lib/pkgconfig/spider_description.pc'
[0.930s] Level 1:colcon.colcon_core.environment:checking '/home/maki/Desktop/GitHub/SpiderRos/install/spider_description/lib/python3.10/site-packages'
[0.931s] Level 1:colcon.colcon_core.environment:checking '/home/maki/Desktop/GitHub/SpiderRos/install/spider_description/bin'
[0.933s] INFO:colcon.colcon_core.shell:Creating package script '/home/maki/Desktop/GitHub/SpiderRos/install/spider_description/share/spider_description/package.ps1'
[0.936s] INFO:colcon.colcon_core.shell:Creating package descriptor '/home/maki/Desktop/GitHub/SpiderRos/install/spider_description/share/spider_description/package.dsv'
[0.938s] INFO:colcon.colcon_core.shell:Creating package script '/home/maki/Desktop/GitHub/SpiderRos/install/spider_description/share/spider_description/package.sh'
[0.940s] INFO:colcon.colcon_core.shell:Creating package script '/home/maki/Desktop/GitHub/SpiderRos/install/spider_description/share/spider_description/package.bash'
[0.942s] INFO:colcon.colcon_core.shell:Creating package script '/home/maki/Desktop/GitHub/SpiderRos/install/spider_description/share/spider_description/package.zsh'
[0.944s] Level 1:colcon.colcon_core.environment:create_file_with_runtime_dependencies(/home/maki/Desktop/GitHub/SpiderRos/install/spider_description/share/colcon-core/packages/spider_description)
[0.946s] DEBUG:colcon.colcon_parallel_executor.executor.parallel:closing loop
[0.947s] DEBUG:colcon.colcon_parallel_executor.executor.parallel:loop closed
[0.947s] DEBUG:colcon.colcon_parallel_executor.executor.parallel:run_until_complete finished with '0'
[0.947s] DEBUG:colcon.colcon_core.event_reactor:joining thread
[0.970s] INFO:colcon.colcon_core.plugin_system:Skipping extension 'colcon_notification.desktop_notification.terminal_notifier': Not used on non-Darwin systems
[0.971s] INFO:colcon.colcon_core.plugin_system:Skipping extension 'colcon_notification.desktop_notification.win32': Not used on non-Windows systems
[0.971s] INFO:colcon.colcon_notification.desktop_notification:Sending desktop notification using 'notify2'
[1.014s] DEBUG:colcon.colcon_core.event_reactor:joined thread
[1.016s] INFO:colcon.colcon_core.shell:Creating prefix script '/home/maki/Desktop/GitHub/SpiderRos/install/local_setup.ps1'
[1.020s] INFO:colcon.colcon_core.shell:Creating prefix util module '/home/maki/Desktop/GitHub/SpiderRos/install/_local_setup_util_ps1.py'
[1.028s] INFO:colcon.colcon_core.shell:Creating prefix chain script '/home/maki/Desktop/GitHub/SpiderRos/install/setup.ps1'
[1.032s] INFO:colcon.colcon_core.shell:Creating prefix script '/home/maki/Desktop/GitHub/SpiderRos/install/local_setup.sh'
[1.036s] INFO:colcon.colcon_core.shell:Creating prefix util module '/home/maki/Desktop/GitHub/SpiderRos/install/_local_setup_util_sh.py'
[1.038s] INFO:colcon.colcon_core.shell:Creating prefix chain script '/home/maki/Desktop/GitHub/SpiderRos/install/setup.sh'
[1.044s] INFO:colcon.colcon_core.shell:Creating prefix script '/home/maki/Desktop/GitHub/SpiderRos/install/local_setup.bash'
[1.046s] INFO:colcon.colcon_core.shell:Creating prefix chain script '/home/maki/Desktop/GitHub/SpiderRos/install/setup.bash'
[1.051s] INFO:colcon.colcon_core.shell:Creating prefix script '/home/maki/Desktop/GitHub/SpiderRos/install/local_setup.zsh'
[1.053s] INFO:colcon.colcon_core.shell:Creating prefix chain script '/home/maki/Desktop/GitHub/SpiderRos/install/setup.zsh'
