[0.013s] Invoking command in '/home/maki/Desktop/GitHub/SpiderRos/build/spider_description': CMAKE_PREFIX_PATH=/opt/ros/humble /usr/bin/cmake --build /home/maki/Desktop/GitHub/SpiderRos/build/spider_description -- -j16 -l16
[0.058s] Invoked command in '/home/maki/Desktop/GitHub/SpiderRos/build/spider_description' returned '0': CMAKE_PREFIX_PATH=/opt/ros/humble /usr/bin/cmake --build /home/maki/Desktop/GitHub/SpiderRos/build/spider_description -- -j16 -l16
[0.070s] Invoking command in '/home/maki/Desktop/GitHub/SpiderRos/build/spider_description': CMAKE_PREFIX_PATH=/opt/ros/humble /usr/bin/cmake --install /home/maki/Desktop/GitHub/SpiderRos/build/spider_description
[0.076s] -- Install configuration: ""
[0.076s] -- Up-to-date: /home/maki/Desktop/GitHub/SpiderRos/install/spider_description/share/spider_description/urdf
[0.076s] -- Up-to-date: /home/maki/Desktop/GitHub/SpiderRos/install/spider_description/share/spider_description/urdf/spider.urdf.xacro
[0.076s] -- Installing: /home/maki/Desktop/GitHub/SpiderRos/install/spider_description/share/spider_description/launch
[0.076s] -- Installing: /home/maki/Desktop/GitHub/SpiderRos/install/spider_description/share/spider_description/launch/.gitkeep
[0.076s] -- Installing: /home/maki/Desktop/GitHub/SpiderRos/install/spider_description/share/spider_description/config
[0.076s] -- Installing: /home/maki/Desktop/GitHub/SpiderRos/install/spider_description/share/spider_description/config/.gitkeep
[0.077s] -- Installing: /home/maki/Desktop/GitHub/SpiderRos/install/spider_description/share/spider_description/worlds
[0.077s] -- Installing: /home/maki/Desktop/GitHub/SpiderRos/install/spider_description/share/spider_description/worlds/.gitkeep
[0.077s] -- Installing: /home/maki/Desktop/GitHub/SpiderRos/install/spider_description/share/ament_index/resource_index/package_run_dependencies/spider_description
[0.077s] -- Installing: /home/maki/Desktop/GitHub/SpiderRos/install/spider_description/share/ament_index/resource_index/parent_prefix_path/spider_description
[0.077s] -- Installing: /home/maki/Desktop/GitHub/SpiderRos/install/spider_description/share/spider_description/environment/ament_prefix_path.sh
[0.077s] -- Installing: /home/maki/Desktop/GitHub/SpiderRos/install/spider_description/share/spider_description/environment/ament_prefix_path.dsv
[0.077s] -- Installing: /home/maki/Desktop/GitHub/SpiderRos/install/spider_description/share/spider_description/environment/path.sh
[0.077s] -- Installing: /home/maki/Desktop/GitHub/SpiderRos/install/spider_description/share/spider_description/environment/path.dsv
[0.077s] -- Installing: /home/maki/Desktop/GitHub/SpiderRos/install/spider_description/share/spider_description/local_setup.bash
[0.077s] -- Installing: /home/maki/Desktop/GitHub/SpiderRos/install/spider_description/share/spider_description/local_setup.sh
[0.077s] -- Installing: /home/maki/Desktop/GitHub/SpiderRos/install/spider_description/share/spider_description/local_setup.zsh
[0.077s] -- Installing: /home/maki/Desktop/GitHub/SpiderRos/install/spider_description/share/spider_description/local_setup.dsv
[0.078s] -- Up-to-date: /home/maki/Desktop/GitHub/SpiderRos/install/spider_description/share/spider_description/package.dsv
[0.078s] -- Installing: /home/maki/Desktop/GitHub/SpiderRos/install/spider_description/share/ament_index/resource_index/packages/spider_description
[0.078s] -- Installing: /home/maki/Desktop/GitHub/SpiderRos/install/spider_description/share/spider_description/cmake/spider_descriptionConfig.cmake
[0.078s] -- Installing: /home/maki/Desktop/GitHub/SpiderRos/install/spider_description/share/spider_description/cmake/spider_descriptionConfig-version.cmake
[0.078s] -- Installing: /home/maki/Desktop/GitHub/SpiderRos/install/spider_description/share/spider_description/package.xml
[0.079s] Invoked command in '/home/maki/Desktop/GitHub/SpiderRos/build/spider_description' returned '0': CMAKE_PREFIX_PATH=/opt/ros/humble /usr/bin/cmake --install /home/maki/Desktop/GitHub/SpiderRos/build/spider_description
